<?xml version="1.0" encoding="utf-8"?><testsuites name="pytest tests"><testsuite name="pytest" errors="0" failures="0" skipped="0" tests="10" time="4.817" timestamp="2026-05-15T21:31:01.604120+00:00" hostname="agent-env-84059a5d-14ce-47b5-99f5-fae2c1ff53de"><testcase classname="backend.tests.test_iteration37" name="test_patterns_rbac" time="1.545" /><testcase classname="backend.tests.test_iteration37" name="test_patterns_payload_shape" time="0.109" /><testcase classname="backend.tests.test_iteration37" name="test_patterns_repeat_concern_each_has_2_plus" time="0.137" /><testcase classname="backend.tests.test_iteration37" name="test_strategy_pack_rbac" time="0.497" /><testcase classname="backend.tests.test_iteration37" name="test_strategy_pack_404_on_unknown_resident" time="0.120" /><testcase classname="backend.tests.test_iteration37" name="test_strategy_pack_records_audit" time="0.255" /><testcase classname="backend.tests.test_iteration37" name="test_action_create_with_assignee_and_due_date" time="0.903" /><testcase classname="backend.tests.test_iteration37" name="test_action_sign_off_requires_resolved" time="0.305" /><testcase classname="backend.tests.test_iteration37" name="test_action_escalate_rbac" time="0.557" /><testcase classname="backend.tests.test_iteration37" name="test_action_is_overdue_flag" time="0.307" /></testsuite></testsuites>