<?xml version="1.0" encoding="utf-8"?><testsuites name="pytest tests"><testsuite name="pytest" errors="0" failures="0" skipped="0" tests="21" time="7.722" timestamp="2026-05-06T01:26:09.773365+00:00" hostname="agent-env-84059a5d-14ce-47b5-99f5-fae2c1ff53de"><testcase classname="backend.tests.test_iteration18.TestCategories" name="test_categories_shape" time="0.706" /><testcase classname="backend.tests.test_iteration18.TestOverviewAndDetail" name="test_overview" time="0.211" /><testcase classname="backend.tests.test_iteration18.TestOverviewAndDetail" name="test_overview_maddy_weekly" time="0.145" /><testcase classname="backend.tests.test_iteration18.TestOverviewAndDetail" name="test_resident_detail" time="0.286" /><testcase classname="backend.tests.test_iteration18.TestTransactions" name="test_amount_zero_rejected" time="0.263" /><testcase classname="backend.tests.test_iteration18.TestTransactions" name="test_amount_negative_rejected" time="0.151" /><testcase classname="backend.tests.test_iteration18.TestTransactions" name="test_invalid_category_rejected" time="0.147" /><testcase classname="backend.tests.test_iteration18.TestTransactions" name="test_in_adds_out_subtracts" time="0.828" /><testcase classname="backend.tests.test_iteration18.TestTransactions" name="test_staff_can_create_tx" time="1.047" /><testcase classname="backend.tests.test_iteration18.TestRBAC" name="test_patch_account_staff_forbidden" time="0.104" /><testcase classname="backend.tests.test_iteration18.TestRBAC" name="test_patch_account_manager_ok" time="0.350" /><testcase classname="backend.tests.test_iteration18.TestRBAC" name="test_delete_tx_staff_forbidden" time="0.503" /><testcase classname="backend.tests.test_iteration18.TestStatementPDF" name="test_pdf_default_month" time="0.120" /><testcase classname="backend.tests.test_iteration18.TestStatementPDF" name="test_pdf_invalid_month" time="0.123" /><testcase classname="backend.tests.test_iteration18.TestPettyCash" name="test_get_state" time="0.141" /><testcase classname="backend.tests.test_iteration18.TestPettyCash" name="test_seeded_handover_AS_DT" time="0.137" /><testcase classname="backend.tests.test_iteration18.TestPettyCash" name="test_amount_zero_rejected" time="0.150" /><testcase classname="backend.tests.test_iteration18.TestPettyCash" name="test_handover_requires_both_initials" time="0.224" /><testcase classname="backend.tests.test_iteration18.TestPettyCash" name="test_deposit_spend_math_and_delete" time="1.078" /><testcase classname="backend.tests.test_iteration18.TestPettyCash" name="test_handover_sets_balance_and_logs_discrepancy" time="0.465" /><testcase classname="backend.tests.test_iteration18.TestPettyCash" name="test_delete_petty_staff_forbidden" time="0.436" /></testsuite></testsuites>