<?xml version="1.0" encoding="utf-8"?><testsuites name="pytest tests"><testsuite name="pytest" errors="0" failures="0" skipped="0" tests="12" time="6.244" timestamp="2026-05-16T22:12:57.048653+00:00" hostname="agent-env-84059a5d-14ce-47b5-99f5-fae2c1ff53de"><testcase classname="tests.test_iteration42b" name="test_trajectory_open_to_any_authed" time="2.460" /><testcase classname="tests.test_iteration42b" name="test_trajectory_404_unknown" time="0.098" /><testcase classname="tests.test_iteration42b" name="test_trajectory_requires_auth" time="0.104" /><testcase classname="tests.test_iteration42b" name="test_trajectory_payload_shape" time="0.195" /><testcase classname="tests.test_iteration42b" name="test_trajectory_point_shape" time="0.182" /><testcase classname="tests.test_iteration42b" name="test_trajectory_points_ordered_oldest_to_newest" time="0.186" /><testcase classname="tests.test_iteration42b" name="test_trajectory_clamps_weeks_param" time="0.348" /><testcase classname="tests.test_iteration42b" name="test_trajectory_deterministic" time="0.399" /><testcase classname="tests.test_iteration42b" name="test_trajectory_current_aligns_with_snapshot_score" time="0.306" /><testcase classname="tests.test_iteration42b" name="test_trajectory_supportive_tone" time="0.217" /><testcase classname="tests.test_iteration42b" name="test_trajectory_events_no_pii" time="0.186" /><testcase classname="tests.test_iteration42b" name="test_trajectory_handles_resident_without_admission" time="1.498" /></testsuite></testsuites>