<?xml version="1.0" encoding="utf-8"?><testsuites name="pytest tests"><testsuite name="pytest" errors="0" failures="0" skipped="0" tests="14" time="30.388" timestamp="2026-05-15T19:32:42.294536+00:00" hostname="agent-env-84059a5d-14ce-47b5-99f5-fae2c1ff53de"><testcase classname="backend.tests.test_iteration33" name="test_prompt_sets_endpoint" time="1.794" /><testcase classname="backend.tests.test_iteration33" name="test_checkin_create_and_list_mine_only" time="1.161" /><testcase classname="backend.tests.test_iteration33" name="test_checkin_delete_only_own" time="1.471" /><testcase classname="backend.tests.test_iteration33" name="test_reflection_create_private_by_default" time="1.299" /><testcase classname="backend.tests.test_iteration33" name="test_reflection_share_with_manager" time="1.269" /><testcase classname="backend.tests.test_iteration33" name="test_reflection_only_owner_can_edit_or_delete" time="1.609" /><testcase classname="backend.tests.test_iteration33" name="test_staff_cannot_read_others_shared_reflections" time="1.232" /><testcase classname="backend.tests.test_iteration33" name="test_my_pattern_supportive_nudge_after_three_stress_checkins" time="1.800" /><testcase classname="backend.tests.test_iteration33" name="test_supervision_view_only_shows_shared" time="1.865" /><testcase classname="backend.tests.test_iteration33" name="test_supervision_view_requires_manager" time="12.159" /><testcase classname="backend.tests.test_iteration33" name="test_supervision_flag_when_stressed_pattern" time="1.002" /><testcase classname="backend.tests.test_iteration33" name="test_team_awareness_aggregate_named_only_when_shared" time="1.520" /><testcase classname="backend.tests.test_iteration33" name="test_team_awareness_requires_manager" time="1.080" /><testcase classname="backend.tests.test_iteration33" name="test_unauthenticated_endpoints_return_401" time="1.061" /></testsuite></testsuites>