<?xml version="1.0" encoding="utf-8"?><testsuites name="pytest tests"><testsuite name="pytest" errors="0" failures="0" skipped="0" tests="31" time="6.578" timestamp="2026-05-06T13:31:46.197514+00:00" hostname="agent-env-84059a5d-14ce-47b5-99f5-fae2c1ff53de"><testcase classname="backend.tests.test_iteration20.TestAuthPermissions" name="test_senior_seed_exists_and_logs_in" time="0.400" /><testcase classname="backend.tests.test_iteration20.TestAuthPermissions" name="test_permissions_endpoint_shape[staff]" time="1.587" /><testcase classname="backend.tests.test_iteration20.TestAuthPermissions" name="test_permissions_endpoint_shape[senior]" time="0.123" /><testcase classname="backend.tests.test_iteration20.TestAuthPermissions" name="test_permissions_endpoint_shape[manager]" time="0.219" /><testcase classname="backend.tests.test_iteration20.TestAuthPermissions" name="test_permissions_endpoint_shape[admin]" time="0.250" /><testcase classname="backend.tests.test_iteration20.TestAuthPermissions" name="test_staff_has_training_self_not_matrix" time="0.116" /><testcase classname="backend.tests.test_iteration20.TestAuthPermissions" name="test_senior_has_matrix_not_hr" time="0.133" /><testcase classname="backend.tests.test_iteration20.TestAuthPermissions" name="test_manager_has_hr" time="0.206" /><testcase classname="backend.tests.test_iteration20.TestAuthPermissions" name="test_admin_has_everything" time="0.119" /><testcase classname="backend.tests.test_iteration20.TestHRPreview" name="test_staff_forbidden" time="0.132" /><testcase classname="backend.tests.test_iteration20.TestHRPreview" name="test_senior_forbidden" time="0.159" /><testcase classname="backend.tests.test_iteration20.TestHRPreview" name="test_manager_ok" time="0.180" /><testcase classname="backend.tests.test_iteration20.TestHRPreview" name="test_admin_ok" time="0.141" /><testcase classname="backend.tests.test_iteration20.TestTrainings" name="test_matrix_staff_forbidden" time="0.112" /><testcase classname="backend.tests.test_iteration20.TestTrainings" name="test_matrix_senior_plus_ok[senior]" time="0.168" /><testcase classname="backend.tests.test_iteration20.TestTrainings" name="test_matrix_senior_plus_ok[manager]" time="0.138" /><testcase classname="backend.tests.test_iteration20.TestTrainings" name="test_matrix_senior_plus_ok[admin]" time="0.137" /><testcase classname="backend.tests.test_iteration20.TestTrainings" name="test_list_trainings_staff_forbidden" time="0.132" /><testcase classname="backend.tests.test_iteration20.TestTrainings" name="test_list_trainings_senior_plus_ok[senior]" time="0.141" /><testcase classname="backend.tests.test_iteration20.TestTrainings" name="test_list_trainings_senior_plus_ok[manager]" time="0.116" /><testcase classname="backend.tests.test_iteration20.TestTrainings" name="test_list_trainings_senior_plus_ok[admin]" time="0.110" /><testcase classname="backend.tests.test_iteration20.TestTrainings" name="test_trainings_mine_all_roles[staff]" time="0.196" /><testcase classname="backend.tests.test_iteration20.TestTrainings" name="test_trainings_mine_all_roles[senior]" time="0.147" /><testcase classname="backend.tests.test_iteration20.TestTrainings" name="test_trainings_mine_all_roles[manager]" time="0.134" /><testcase classname="backend.tests.test_iteration20.TestTrainings" name="test_trainings_mine_all_roles[admin]" time="0.134" /><testcase classname="backend.tests.test_iteration20.TestRegister" name="test_register_senior_role_accepted" time="0.391" /><testcase classname="backend.tests.test_iteration20.TestRegister" name="test_register_invalid_role_rejected" time="0.155" /><testcase classname="backend.tests.test_iteration20.TestIter19Regression" name="test_handover_list" time="0.126" /><testcase classname="backend.tests.test_iteration20.TestIter19Regression" name="test_residents_ok" time="0.129" /><testcase classname="backend.tests.test_iteration20.TestIter19Regression" name="test_petty_cash_list" time="0.121" /><testcase classname="backend.tests.test_iteration20.TestIter19Regression" name="test_dashboard_stats" time="0.142" /></testsuite></testsuites>