<?xml version="1.0" encoding="utf-8"?><testsuites name="pytest tests"><testsuite name="pytest" errors="0" failures="0" skipped="0" tests="8" time="3.357" timestamp="2026-05-09T18:50:02.909038+00:00" hostname="agent-env-84059a5d-14ce-47b5-99f5-fae2c1ff53de"><testcase classname="backend.tests.test_iteration27" name="test_system_info_manager_ok" time="0.235" /><testcase classname="backend.tests.test_iteration27" name="test_system_info_staff_forbidden" time="0.232" /><testcase classname="backend.tests.test_iteration27" name="test_system_info_senior_forbidden" time="0.232" /><testcase classname="backend.tests.test_iteration27" name="test_create_user_manager_ok_then_admin_can_delete" time="0.932" /><testcase classname="backend.tests.test_iteration27" name="test_admin_cannot_delete_self" time="0.237" /><testcase classname="backend.tests.test_iteration27" name="test_create_user_validation" time="0.236" /><testcase classname="backend.tests.test_iteration27" name="test_admin_user_create_audit" time="0.922" /><testcase classname="backend.tests.test_iteration27" name="test_legacy_routes_alive" time="0.261" /></testsuite></testsuites>