<?xml version="1.0" encoding="utf-8"?><testsuites name="pytest tests"><testsuite name="pytest" errors="0" failures="0" skipped="0" tests="14" time="40.657" timestamp="2026-05-16T20:56:26.885910+00:00" hostname="agent-env-84059a5d-14ce-47b5-99f5-fae2c1ff53de"><testcase classname="backend.tests.test_iteration41c" name="test_simulations_list_manager_plus_only" time="1.979" /><testcase classname="backend.tests.test_iteration41c" name="test_simulations_delete_admin_only" time="0.415" /><testcase classname="backend.tests.test_iteration41c" name="test_simulation_run_returns_simulation_id" time="0.139" /><testcase classname="backend.tests.test_iteration41c" name="test_simulation_appears_in_log" time="0.233" /><testcase classname="backend.tests.test_iteration41c" name="test_simulation_log_never_stores_narrative" time="0.226" /><testcase classname="backend.tests.test_iteration41c" name="test_simulation_log_fields_are_metadata_only" time="0.106" /><testcase classname="backend.tests.test_iteration41c" name="test_simulation_log_privacy_notice_present" time="0.102" /><testcase classname="backend.tests.test_iteration41c" name="test_patch_status_and_note" time="0.234" /><testcase classname="backend.tests.test_iteration41c" name="test_patch_invalid_status_rejected" time="0.238" /><testcase classname="backend.tests.test_iteration41c" name="test_patch_unknown_id_404" time="0.121" /><testcase classname="backend.tests.test_iteration41c" name="test_note_truncated_at_400_chars" time="35.931" /><testcase classname="backend.tests.test_iteration41c" name="test_convert_marks_simulation_as_converted" time="0.550" /><testcase classname="backend.tests.test_iteration41c" name="test_save_without_simulation_id_works" time="0.210" /><testcase classname="backend.tests.test_iteration41c" name="test_list_respects_limit_and_order_desc" time="0.101" /></testsuite></testsuites>