<?xml version="1.0" encoding="utf-8"?><testsuites name="pytest tests"><testsuite name="pytest" errors="0" failures="0" skipped="0" tests="12" time="4.513" timestamp="2026-05-30T21:51:29.811375+00:00" hostname="agent-env-84059a5d-14ce-47b5-99f5-fae2c1ff53de"><testcase classname="backend.tests.test_iteration57_compliance_hub" name="test_templates_list" time="0.233" /><testcase classname="backend.tests.test_iteration57_compliance_hub" name="test_template_detail" time="0.230" /><testcase classname="backend.tests.test_iteration57_compliance_hub" name="test_template_recommend_for_staff_role" time="0.462" /><testcase classname="backend.tests.test_iteration57_compliance_hub" name="test_templates_expose_estimated_time" time="0.233" /><testcase classname="backend.tests.test_iteration57_compliance_hub" name="test_manager_template_includes_safer_recruitment_and_supervision" time="0.234" /><testcase classname="backend.tests.test_iteration57_compliance_hub" name="test_assignment_uses_recommended_template" time="0.705" /><testcase classname="backend.tests.test_iteration57_compliance_hub" name="test_assignment_explicit_template_overrides" time="0.705" /><testcase classname="backend.tests.test_iteration57_compliance_hub" name="test_assignment_adult_template_when_adult_sector" time="0.706" /><testcase classname="backend.tests.test_iteration57_compliance_hub" name="test_unified_compliance_dashboard_children" time="0.237" /><testcase classname="backend.tests.test_iteration57_compliance_hub" name="test_unified_compliance_dashboard_adult_shows_cqc" time="0.237" /><testcase classname="backend.tests.test_iteration57_compliance_hub" name="test_unified_compliance_dashboard_rbac" time="0.228" /><testcase classname="backend.tests.test_iteration57_compliance_hub" name="test_unified_compliance_dashboard_invalid_sector" time="0.229" /></testsuite></testsuites>