<?xml version="1.0" encoding="utf-8"?><testsuites name="pytest tests"><testsuite name="pytest" errors="0" failures="0" skipped="0" tests="31" time="1.544" timestamp="2026-05-15T19:00:31.391963+00:00" hostname="agent-env-84059a5d-14ce-47b5-99f5-fae2c1ff53de"><testcase classname="backend.tests.test_iteration32" name="test_resident_sector_disjoint" time="0.234" /><testcase classname="backend.tests.test_iteration32" name="test_tom_care_tasks_seed" time="0.004" /><testcase classname="backend.tests.test_iteration32" name="test_tom_wellbeing_seed" time="0.003" /><testcase classname="backend.tests.test_iteration32" name="test_tom_falls_mca_mobility_seed" time="0.006" /><testcase classname="backend.tests.test_iteration32" name="test_maggie_care_tasks_seed" time="0.003" /><testcase classname="backend.tests.test_iteration32" name="test_maggie_wellbeing_seed" time="0.003" /><testcase classname="backend.tests.test_iteration32" name="test_maggie_falls_seed_unsigned_present" time="0.002" /><testcase classname="backend.tests.test_iteration32" name="test_maggie_mca_unsigned_present" time="0.002" /><testcase classname="backend.tests.test_iteration32" name="test_maggie_mobility_high_risk" time="0.002" /><testcase classname="backend.tests.test_iteration32" name="test_tom_operational_summary" time="0.005" /><testcase classname="backend.tests.test_iteration32" name="test_maggie_operational_summary" time="0.005" /><testcase classname="backend.tests.test_iteration32" name="test_tom_timeline" time="0.006" /><testcase classname="backend.tests.test_iteration32" name="test_maggie_timeline" time="0.008" /><testcase classname="backend.tests.test_iteration32" name="test_tom_patterns" time="0.006" /><testcase classname="backend.tests.test_iteration32" name="test_maggie_patterns" time="0.006" /><testcase classname="backend.tests.test_iteration32" name="test_maggie_filter_by_fall_category" time="0.006" /><testcase classname="backend.tests.test_iteration32" name="test_maggie_filter_by_wellbeing" time="0.006" /><testcase classname="backend.tests.test_iteration32" name="test_maggie_filter_from_at" time="0.016" /><testcase classname="backend.tests.test_iteration32" name="test_tom_filter_q_quetiapine" time="0.007" /><testcase classname="backend.tests.test_iteration32" name="test_maggie_safeguarding_only" time="0.006" /><testcase classname="backend.tests.test_iteration32" name="test_pdf_export_manager_full" time="0.064" /><testcase classname="backend.tests.test_iteration32" name="test_pdf_export_manager_safeguarding" time="0.016" /><testcase classname="backend.tests.test_iteration32" name="test_pdf_export_staff_forbidden" time="0.228" /><testcase classname="backend.tests.test_iteration32" name="test_dashboard_stats_perf" time="0.014" /><testcase classname="backend.tests.test_iteration32" name="test_dashboard_urgency_perf" time="0.005" /><testcase classname="backend.tests.test_iteration32" name="test_care_task_staff_create_complete_then_delete_rbac" time="0.009" /><testcase classname="backend.tests.test_iteration32" name="test_fall_signoff_rbac" time="0.006" /><testcase classname="backend.tests.test_iteration32" name="test_mca_create_rbac" time="0.233" /><testcase classname="backend.tests.test_iteration32" name="test_audit_log_senior_can_read" time="0.007" /><testcase classname="backend.tests.test_iteration32" name="test_audit_log_records_new_action" time="0.507" /><testcase classname="backend.tests.test_iteration32" name="test_staff_cannot_admin_users" time="0.002" /></testsuite></testsuites>