<?xml version="1.0" encoding="utf-8"?><testsuites name="pytest tests"><testsuite name="pytest" errors="0" failures="0" skipped="0" tests="15" time="4.797" timestamp="2026-05-09T17:45:59.271965+00:00" hostname="agent-env-84059a5d-14ce-47b5-99f5-fae2c1ff53de"><testcase classname="backend.tests.test_iteration26" name="test_check_types_seeded" time="0.232" /><testcase classname="backend.tests.test_iteration26" name="test_dashboard_endpoint" time="0.236" /><testcase classname="backend.tests.test_iteration26" name="test_create_log_status_pass" time="0.237" /><testcase classname="backend.tests.test_iteration26" name="test_create_log_status_fail" time="0.234" /><testcase classname="backend.tests.test_iteration26" name="test_create_log_status_action_needed_warn" time="0.232" /><testcase classname="backend.tests.test_iteration26" name="test_create_log_required_field_validation" time="0.234" /><testcase classname="backend.tests.test_iteration26" name="test_create_log_unknown_check_type" time="0.232" /><testcase classname="backend.tests.test_iteration26" name="test_checkbox_rule_all_required" time="0.237" /><testcase classname="backend.tests.test_iteration26" name="test_list_logs_filter_by_check_type" time="0.235" /><testcase classname="backend.tests.test_iteration26" name="test_signoff_and_delete_rbac" time="0.471" /><testcase classname="backend.tests.test_iteration26" name="test_maintenance_full_lifecycle" time="0.478" /><testcase classname="backend.tests.test_iteration26" name="test_maintenance_filter_by_status" time="0.235" /><testcase classname="backend.tests.test_iteration26" name="test_snapshot_pdf_rbac_and_content" time="0.717" /><testcase classname="backend.tests.test_iteration26" name="test_audit_event_recorded_on_log_create" time="0.469" /><testcase classname="backend.tests.test_iteration26" name="test_dashboard_reflects_last_log" time="0.244" /></testsuite></testsuites>