<?xml version="1.0" encoding="utf-8"?><testsuites name="pytest tests"><testsuite name="pytest" errors="0" failures="0" skipped="0" tests="5" time="2.404" timestamp="2026-05-29T23:26:20.422921+00:00" hostname="agent-env-84059a5d-14ce-47b5-99f5-fae2c1ff53de"><testcase classname="backend.tests.test_iteration49b_policies_extra" name="test_categories_all_authed_can_view" time="0.924" /><testcase classname="backend.tests.test_iteration49b_policies_extra" name="test_categories_exact_counts" time="0.232" /><testcase classname="backend.tests.test_iteration49b_policies_extra" name="test_folder_rag_status_values_valid" time="0.235" /><testcase classname="backend.tests.test_iteration49b_policies_extra" name="test_staff_cannot_open_others_assignment" time="0.695" /><testcase classname="backend.tests.test_iteration49b_policies_extra" name="test_audit_events_written_for_lifecycle" time="0.252" /></testsuite></testsuites>