<?xml version="1.0" encoding="utf-8"?><testsuites name="pytest tests"><testsuite name="pytest" errors="0" failures="0" skipped="0" tests="38" time="8.336" timestamp="2026-05-06T14:03:05.906497+00:00" hostname="agent-env-84059a5d-14ce-47b5-99f5-fae2c1ff53de"><testcase classname="backend.tests.test_iteration21.TestResidentDocuments" name="test_list_documents_empty_or_list" time="1.676" /><testcase classname="backend.tests.test_iteration21.TestResidentDocuments" name="test_create_document_minimum" time="0.260" /><testcase classname="backend.tests.test_iteration21.TestResidentDocuments" name="test_create_document_full" time="0.132" /><testcase classname="backend.tests.test_iteration21.TestResidentDocuments" name="test_create_document_invalid_category" time="0.139" /><testcase classname="backend.tests.test_iteration21.TestResidentDocuments" name="test_create_document_missing_title" time="0.149" /><testcase classname="backend.tests.test_iteration21.TestResidentDocuments" name="test_create_document_404_unknown_resident" time="0.128" /><testcase classname="backend.tests.test_iteration21.TestResidentDocuments" name="test_all_12_categories_accepted[care_plan]" time="0.138" /><testcase classname="backend.tests.test_iteration21.TestResidentDocuments" name="test_all_12_categories_accepted[placement_plan]" time="0.136" /><testcase classname="backend.tests.test_iteration21.TestResidentDocuments" name="test_all_12_categories_accepted[pathway_plan]" time="0.299" /><testcase classname="backend.tests.test_iteration21.TestResidentDocuments" name="test_all_12_categories_accepted[court_order]" time="0.145" /><testcase classname="backend.tests.test_iteration21.TestResidentDocuments" name="test_all_12_categories_accepted[ehcp]" time="0.157" /><testcase classname="backend.tests.test_iteration21.TestResidentDocuments" name="test_all_12_categories_accepted[assessment]" time="0.127" /><testcase classname="backend.tests.test_iteration21.TestResidentDocuments" name="test_all_12_categories_accepted[consent_form]" time="0.163" /><testcase classname="backend.tests.test_iteration21.TestResidentDocuments" name="test_all_12_categories_accepted[review]" time="0.121" /><testcase classname="backend.tests.test_iteration21.TestResidentDocuments" name="test_all_12_categories_accepted[id_document]" time="0.122" /><testcase classname="backend.tests.test_iteration21.TestResidentDocuments" name="test_all_12_categories_accepted[placement_agreement]" time="0.132" /><testcase classname="backend.tests.test_iteration21.TestResidentDocuments" name="test_all_12_categories_accepted[delegated_authority]" time="0.166" /><testcase classname="backend.tests.test_iteration21.TestResidentDocuments" name="test_all_12_categories_accepted[other]" time="0.129" /><testcase classname="backend.tests.test_iteration21.TestResidentDocuments" name="test_delete_staff_forbidden" time="0.283" /><testcase classname="backend.tests.test_iteration21.TestResidentDocuments" name="test_delete_senior_ok" time="0.436" /><testcase classname="backend.tests.test_iteration21.TestResidentDocuments" name="test_delete_manager_ok" time="0.313" /><testcase classname="backend.tests.test_iteration21.TestIndependenceSkills" name="test_get_returns_all_12_with_defaults" time="0.263" /><testcase classname="backend.tests.test_iteration21.TestIndependenceSkills" name="test_post_upsert_skill" time="0.270" /><testcase classname="backend.tests.test_iteration21.TestIndependenceSkills" name="test_post_upsert_updates_same_record" time="0.421" /><testcase classname="backend.tests.test_iteration21.TestIndependenceSkills" name="test_post_invalid_level_rejected" time="0.138" /><testcase classname="backend.tests.test_iteration21.TestIndependenceSkills" name="test_post_invalid_skill_rejected" time="0.154" /><testcase classname="backend.tests.test_iteration21.TestIndependenceSkills" name="test_post_404_unknown_resident" time="0.149" /><testcase classname="backend.tests.test_iteration21.TestIndependenceSkills" name="test_all_5_levels_accepted[not_started]" time="0.127" /><testcase classname="backend.tests.test_iteration21.TestIndependenceSkills" name="test_all_5_levels_accepted[needs_support]" time="0.129" /><testcase classname="backend.tests.test_iteration21.TestIndependenceSkills" name="test_all_5_levels_accepted[developing]" time="0.116" /><testcase classname="backend.tests.test_iteration21.TestIndependenceSkills" name="test_all_5_levels_accepted[competent]" time="0.137" /><testcase classname="backend.tests.test_iteration21.TestIndependenceSkills" name="test_all_5_levels_accepted[mastered]" time="0.131" /><testcase classname="backend.tests.test_iteration21.TestRegression" name="test_handover_list_manager" time="0.136" /><testcase classname="backend.tests.test_iteration21.TestRegression" name="test_residents_ok_staff" time="0.167" /><testcase classname="backend.tests.test_iteration21.TestRegression" name="test_dashboard_stats" time="0.145" /><testcase classname="backend.tests.test_iteration21.TestRegression" name="test_permissions_endpoint" time="0.137" /><testcase classname="backend.tests.test_iteration21.TestRegression" name="test_hr_preview_staff_forbidden" time="0.128" /><testcase classname="backend.tests.test_iteration21.TestRegression" name="test_trainings_mine_staff" time="0.137" /></testsuite></testsuites>