<?xml version="1.0" encoding="utf-8"?><testsuites name="pytest tests"><testsuite name="pytest" errors="0" failures="0" skipped="0" tests="8" time="3.318" timestamp="2026-05-15T21:03:22.160972+00:00" hostname="agent-env-84059a5d-14ce-47b5-99f5-fae2c1ff53de"><testcase classname="backend.tests.test_iteration36" name="test_simulation_requires_senior" time="1.102" /><testcase classname="backend.tests.test_iteration36" name="test_simulation_payload_shape" time="0.585" /><testcase classname="backend.tests.test_iteration36" name="test_simulation_is_deterministic" time="0.349" /><testcase classname="backend.tests.test_iteration36" name="test_auto_draft_pre_fills_fields" time="0.168" /><testcase classname="backend.tests.test_iteration36" name="test_auto_draft_requires_senior" time="0.253" /><testcase classname="backend.tests.test_iteration36" name="test_pre_inspection_pdf_manager_only" time="0.284" /><testcase classname="backend.tests.test_iteration36" name="test_simulation_quality_standards_have_module_attribution" time="0.194" /><testcase classname="backend.tests.test_iteration36" name="test_unauth_endpoints" time="0.319" /></testsuite></testsuites>