<?xml version="1.0" encoding="utf-8"?><testsuites name="pytest tests"><testsuite name="pytest" errors="0" failures="0" skipped="0" tests="21" time="7.008" timestamp="2026-05-06T00:54:25.039985+00:00" hostname="agent-env-84059a5d-14ce-47b5-99f5-fae2c1ff53de"><testcase classname="backend.tests.test_iteration17.TestOverview" name="test_overview_shape" time="0.556" /><testcase classname="backend.tests.test_iteration17.TestOverview" name="test_overview_has_demo_residents" time="0.000" /><testcase classname="backend.tests.test_iteration17.TestOverview" name="test_seed_realistic" time="0.000" /><testcase classname="backend.tests.test_iteration17.TestPerResident" name="test_per_resident_detail" time="0.112" /><testcase classname="backend.tests.test_iteration17.TestPerResident" name="test_seed_tx_count" time="0.530" /><testcase classname="backend.tests.test_iteration17.TestPerResident" name="test_invalid_resident" time="0.147" /><testcase classname="backend.tests.test_iteration17.TestTransactions" name="test_amount_must_be_positive" time="0.233" /><testcase classname="backend.tests.test_iteration17.TestTransactions" name="test_amount_negative_rejected" time="0.275" /><testcase classname="backend.tests.test_iteration17.TestTransactions" name="test_allowance_adds_to_pocket" time="0.230" /><testcase classname="backend.tests.test_iteration17.TestTransactions" name="test_spend_decrements_pocket" time="0.416" /><testcase classname="backend.tests.test_iteration17.TestTransactions" name="test_savings_in_moves_pocket_to_savings" time="0.539" /><testcase classname="backend.tests.test_iteration17.TestTransactions" name="test_savings_out_moves_savings_to_pocket" time="0.567" /><testcase classname="backend.tests.test_iteration17.TestTransactions" name="test_deposit_and_withdrawal" time="0.649" /><testcase classname="backend.tests.test_iteration17.TestTransactions" name="test_adjustment_positive_default" time="0.302" /><testcase classname="backend.tests.test_iteration17.TestDeleteTx" name="test_delete_reverses_delta" time="0.727" /><testcase classname="backend.tests.test_iteration17.TestDeleteTx" name="test_staff_cannot_delete" time="0.736" /><testcase classname="backend.tests.test_iteration17.TestPatchAccount" name="test_manager_can_patch" time="0.383" /><testcase classname="backend.tests.test_iteration17.TestPatchAccount" name="test_staff_forbidden" time="0.130" /><testcase classname="backend.tests.test_iteration17.TestStatementPDF" name="test_default_month_returns_pdf" time="0.152" /><testcase classname="backend.tests.test_iteration17.TestStatementPDF" name="test_specific_month" time="0.106" /><testcase classname="backend.tests.test_iteration17.TestStatementPDF" name="test_invalid_month_400" time="0.125" /></testsuite></testsuites>