<?xml version="1.0" encoding="utf-8"?><testsuites name="pytest tests"><testsuite name="pytest" errors="0" failures="0" skipped="0" tests="15" time="0.595" timestamp="2026-05-05T23:25:18.174721+00:00" hostname="agent-env-84059a5d-14ce-47b5-99f5-fae2c1ff53de"><testcase classname="backend.tests.test_iteration13.TestOfstedReadiness" name="test_unauth_401" time="0.004" /><testcase classname="backend.tests.test_iteration13.TestOfstedReadiness" name="test_returns_overall_and_six_sections" time="0.235" /><testcase classname="backend.tests.test_iteration13.TestMedicationRound" name="test_round_today" time="0.005" /><testcase classname="backend.tests.test_iteration13.TestMedicationCRUD" name="test_create_med_manager" time="0.005" /><testcase classname="backend.tests.test_iteration13.TestMedicationCRUD" name="test_staff_cannot_create_med" time="0.234" /><testcase classname="backend.tests.test_iteration13.TestMedicationCRUD" name="test_patch_med" time="0.003" /><testcase classname="backend.tests.test_iteration13.TestMedicationCRUD" name="test_witness_required_rejects_no_witness" time="0.006" /><testcase classname="backend.tests.test_iteration13.TestMedicationCRUD" name="test_administer_success" time="0.002" /><testcase classname="backend.tests.test_iteration13.TestMedicationCRUD" name="test_delete_soft" time="0.004" /><testcase classname="backend.tests.test_iteration13.TestMARPDF" name="test_mar_pdf" time="0.024" /><testcase classname="backend.tests.test_iteration13.TestBodyMaps" name="test_seed_body_map_exists_for_leo" time="0.005" /><testcase classname="backend.tests.test_iteration13.TestBodyMaps" name="test_create_bodymap_staff" time="0.002" /><testcase classname="backend.tests.test_iteration13.TestBodyMaps" name="test_patch_bodymap" time="0.002" /><testcase classname="backend.tests.test_iteration13.TestBodyMaps" name="test_staff_cannot_delete" time="0.002" /><testcase classname="backend.tests.test_iteration13.TestBodyMaps" name="test_manager_can_delete" time="0.002" /></testsuite></testsuites>