<?xml version="1.0" encoding="utf-8"?><testsuites name="pytest tests"><testsuite name="pytest" errors="0" failures="0" skipped="0" tests="31" time="9.192" timestamp="2026-05-29T22:50:12.993139+00:00" hostname="agent-env-84059a5d-14ce-47b5-99f5-fae2c1ff53de"><testcase classname="tests.test_iteration47c_quiet_hours" name="test_quiet_hours_get_defaults" time="0.237" /><testcase classname="tests.test_iteration47c_quiet_hours" name="test_quiet_hours_patch_full_round_trip" time="0.234" /><testcase classname="tests.test_iteration47c_quiet_hours" name="test_quiet_hours_validation_bad_time" time="0.231" /><testcase classname="tests.test_iteration47c_quiet_hours" name="test_quiet_hours_validation_bad_days" time="0.229" /><testcase classname="tests.test_iteration47c_quiet_hours" name="test_is_in_quiet_hours_helper_same_day" time="0.001" /><testcase classname="tests.test_iteration47c_quiet_hours" name="test_is_in_quiet_hours_helper_midnight_crossing" time="0.000" /><testcase classname="tests.test_iteration47c_quiet_hours" name="test_quiet_hours_bundle_non_critical" time="0.260" /><testcase classname="tests.test_iteration47c_quiet_hours" name="test_quiet_hours_critical_breaks_through" time="0.244" /><testcase classname="tests.test_iteration47c_quiet_hours" name="test_quiet_hours_audit_log_on_update" time="0.236" /><testcase classname="tests.test_iteration47_notif_centre" name="test_notif_centre_inbox_and_counts" time="0.236" /><testcase classname="tests.test_iteration47_notif_centre" name="test_notif_centre_categories_endpoint" time="0.229" /><testcase classname="tests.test_iteration47_notif_centre" name="test_notif_centre_preferences_default_and_patch" time="0.239" /><testcase classname="tests.test_iteration47_notif_centre" name="test_notif_centre_manual_trigger_creates_and_dedupes" time="0.233" /><testcase classname="tests.test_iteration47_notif_centre" name="test_notif_centre_staff_cannot_manual_trigger" time="0.228" /><testcase classname="tests.test_iteration47_notif_centre" name="test_notif_centre_mark_read_dismiss_and_mark_all" time="0.245" /><testcase classname="tests.test_iteration47_notif_centre" name="test_notif_centre_category_filter" time="0.230" /><testcase classname="tests.test_iteration47_notif_centre" name="test_since_last_login_widget" time="0.231" /><testcase classname="tests.test_iteration47_notif_centre" name="test_digest_schedules_default_three" time="0.229" /><testcase classname="tests.test_iteration47_notif_centre" name="test_digest_schedules_staff_blocked" time="0.228" /><testcase classname="tests.test_iteration47_notif_centre" name="test_digest_schedule_patch_and_send_now" time="0.583" /><testcase classname="tests.test_iteration47_notif_centre" name="test_safeguarding_incident_triggers_notification" time="0.237" /><testcase classname="tests.test_iteration47_notif_centre" name="test_login_tracks_previous_last_login" time="0.453" /><testcase classname="tests.test_iteration47b_notif_extra" name="test_missing_episode_creates_critical_notification" time="0.739" /><testcase classname="tests.test_iteration47b_notif_extra" name="test_legacy_notifications_get_still_works" time="0.229" /><testcase classname="tests.test_iteration47b_notif_extra" name="test_legacy_notifications_post_still_works" time="0.228" /><testcase classname="tests.test_iteration47b_notif_extra" name="test_legacy_notification_mark_read_still_works" time="0.232" /><testcase classname="tests.test_iteration47b_notif_extra" name="test_audit_notif_preferences_updated" time="0.553" /><testcase classname="tests.test_iteration47b_notif_extra" name="test_audit_notif_manual_created_and_digest_events" time="1.164" /><testcase classname="tests.test_iteration47b_notif_extra" name="test_notif_centre_unread_only_and_limit" time="0.229" /><testcase classname="tests.test_iteration47b_notif_extra" name="test_notif_centre_limit_clamp" time="0.230" /><testcase classname="tests.test_iteration47b_notif_extra" name="test_notif_centre_staff_own_inbox" time="0.229" /></testsuite></testsuites>