<?xml version="1.0" encoding="utf-8"?><testsuites name="pytest tests"><testsuite name="pytest" errors="0" failures="0" skipped="0" tests="13" time="3.629" timestamp="2026-05-29T21:57:26.609011+00:00" hostname="agent-env-84059a5d-14ce-47b5-99f5-fae2c1ff53de"><testcase classname="tests.test_iteration47_notif_centre" name="test_notif_centre_inbox_and_counts" time="0.236" /><testcase classname="tests.test_iteration47_notif_centre" name="test_notif_centre_categories_endpoint" time="0.229" /><testcase classname="tests.test_iteration47_notif_centre" name="test_notif_centre_preferences_default_and_patch" time="0.238" /><testcase classname="tests.test_iteration47_notif_centre" name="test_notif_centre_manual_trigger_creates_and_dedupes" time="0.234" /><testcase classname="tests.test_iteration47_notif_centre" name="test_notif_centre_staff_cannot_manual_trigger" time="0.228" /><testcase classname="tests.test_iteration47_notif_centre" name="test_notif_centre_mark_read_dismiss_and_mark_all" time="0.242" /><testcase classname="tests.test_iteration47_notif_centre" name="test_notif_centre_category_filter" time="0.229" /><testcase classname="tests.test_iteration47_notif_centre" name="test_since_last_login_widget" time="0.231" /><testcase classname="tests.test_iteration47_notif_centre" name="test_digest_schedules_default_three" time="0.228" /><testcase classname="tests.test_iteration47_notif_centre" name="test_digest_schedules_staff_blocked" time="0.228" /><testcase classname="tests.test_iteration47_notif_centre" name="test_digest_schedule_patch_and_send_now" time="0.549" /><testcase classname="tests.test_iteration47_notif_centre" name="test_safeguarding_incident_triggers_notification" time="0.236" /><testcase classname="tests.test_iteration47_notif_centre" name="test_login_tracks_previous_last_login" time="0.454" /></testsuite></testsuites>