<?xml version="1.0" encoding="utf-8"?><testsuites name="pytest tests"><testsuite name="pytest" errors="0" failures="0" skipped="0" tests="18" time="4.321" timestamp="2026-05-06T00:40:52.423913+00:00" hostname="agent-env-84059a5d-14ce-47b5-99f5-fae2c1ff53de"><testcase classname="backend.tests.test_iteration16.TestVisitsList" name="test_list_all" time="0.664" /><testcase classname="backend.tests.test_iteration16.TestVisitsList" name="test_list_upcoming" time="0.123" /><testcase classname="backend.tests.test_iteration16.TestVisitsList" name="test_list_overdue" time="0.107" /><testcase classname="backend.tests.test_iteration16.TestVisitsList" name="test_list_filter_resident" time="0.259" /><testcase classname="backend.tests.test_iteration16.TestVisitsList" name="test_unauth_rejected" time="0.187" /><testcase classname="backend.tests.test_iteration16.TestVisitsCRUD" name="test_create_home_wide_visit" time="0.229" /><testcase classname="backend.tests.test_iteration16.TestVisitsCRUD" name="test_create_per_resident_visit" time="0.295" /><testcase classname="backend.tests.test_iteration16.TestVisitsCRUD" name="test_create_invalid_resident" time="0.145" /><testcase classname="backend.tests.test_iteration16.TestVisitsCRUD" name="test_patch_to_completed" time="0.234" /><testcase classname="backend.tests.test_iteration16.TestVisitsCRUD" name="test_patch_to_missed" time="0.125" /><testcase classname="backend.tests.test_iteration16.TestVisitsCRUD" name="test_patch_not_found" time="0.133" /><testcase classname="backend.tests.test_iteration16.TestVisitsCRUD" name="test_delete_staff_forbidden" time="0.477" /><testcase classname="backend.tests.test_iteration16.TestVisitsCRUD" name="test_delete_manager_ok" time="0.250" /><testcase classname="backend.tests.test_iteration16.TestDashboardUrgency" name="test_urgency_keys" time="0.135" /><testcase classname="backend.tests.test_iteration16.TestDashboardUrgency" name="test_urgency_staff_allowed" time="0.237" /><testcase classname="backend.tests.test_iteration16.TestResidentBadges" name="test_badges_shape" time="0.248" /><testcase classname="backend.tests.test_iteration16.TestResidentBadges" name="test_badges_high_risk_resident" time="0.253" /><testcase classname="backend.tests.test_iteration16.TestResidentBadges" name="test_badges_not_found" time="0.133" /></testsuite></testsuites>