<?xml version="1.0" encoding="utf-8"?><testsuites name="pytest tests"><testsuite name="pytest" errors="0" failures="0" skipped="0" tests="8" time="3.315" timestamp="2026-05-15T20:34:58.465078+00:00" hostname="agent-env-84059a5d-14ce-47b5-99f5-fae2c1ff53de"><testcase classname="backend.tests.test_iteration35" name="test_regulation_44_requires_senior" time="1.063" /><testcase classname="backend.tests.test_iteration35" name="test_regulation_44_payload_shape" time="0.492" /><testcase classname="backend.tests.test_iteration35" name="test_regulation_44_live_module_categories" time="0.139" /><testcase classname="backend.tests.test_iteration35" name="test_regulation_44_excludes_adult_data" time="0.147" /><testcase classname="backend.tests.test_iteration35" name="test_reg44_notes_upsert_manager_only" time="0.327" /><testcase classname="backend.tests.test_iteration35" name="test_reg44_notes_surface_in_payload" time="0.273" /><testcase classname="backend.tests.test_iteration35" name="test_reg44_visits_crud" time="0.697" /><testcase classname="backend.tests.test_iteration35" name="test_reg44_unauth" time="0.114" /></testsuite></testsuites>