<?xml version="1.0" encoding="utf-8"?><testsuites name="pytest tests"><testsuite name="pytest" errors="0" failures="0" skipped="0" tests="43" time="8.319" timestamp="2026-05-09T15:24:10.774335+00:00" hostname="agent-env-84059a5d-14ce-47b5-99f5-fae2c1ff53de"><testcase classname="backend.tests.test_iteration23.TestUploads" name="test_upload_pdf" time="0.495" /><testcase classname="backend.tests.test_iteration23.TestUploads" name="test_upload_unsupported_mime" time="0.101" /><testcase classname="backend.tests.test_iteration23.TestUploads" name="test_upload_too_large" time="0.662" /><testcase classname="backend.tests.test_iteration23.TestUploads" name="test_get_file_with_bearer" time="0.104" /><testcase classname="backend.tests.test_iteration23.TestUploads" name="test_get_file_with_token_query" time="0.105" /><testcase classname="backend.tests.test_iteration23.TestUploads" name="test_get_file_no_auth" time="0.110" /><testcase classname="backend.tests.test_iteration23.TestUploads" name="test_get_file_unknown" time="0.120" /><testcase classname="backend.tests.test_iteration23.TestUploads" name="test_delete_file_staff_forbidden" time="0.419" /><testcase classname="backend.tests.test_iteration23.TestUploads" name="test_delete_file_senior_ok" time="0.432" /><testcase classname="backend.tests.test_iteration23.TestResidentPhoto" name="test_staff_cannot_upload_photo" time="0.216" /><testcase classname="backend.tests.test_iteration23.TestResidentPhoto" name="test_senior_upload_photo" time="0.328" /><testcase classname="backend.tests.test_iteration23.TestResidentPhoto" name="test_replace_photo_deletes_old" time="0.209" /><testcase classname="backend.tests.test_iteration23.TestResidentPhoto" name="test_delete_photo" time="0.210" /><testcase classname="backend.tests.test_iteration23.TestResidentDocuments" name="test_add_document_with_file" time="0.203" /><testcase classname="backend.tests.test_iteration23.TestResidentDocuments" name="test_new_categories_accepted" time="0.540" /><testcase classname="backend.tests.test_iteration23.TestResidentDocuments" name="test_legacy_categories_still_work" time="0.323" /><testcase classname="backend.tests.test_iteration23.TestResidentDocuments" name="test_staff_cannot_delete_document" time="0.113" /><testcase classname="backend.tests.test_iteration23.TestResidentDocuments" name="test_senior_can_delete_and_cleans_file" time="0.269" /><testcase classname="backend.tests.test_iteration23.TestReturnInterview" name="test_staff_cannot_create" time="0.320" /><testcase classname="backend.tests.test_iteration23.TestReturnInterview" name="test_senior_creates_and_closes_episode" time="0.245" /><testcase classname="backend.tests.test_iteration23.TestReturnInterview" name="test_get_and_list" time="0.204" /><testcase classname="backend.tests.test_iteration23.TestReturnInterview" name="test_senior_can_patch_before_signoff" time="0.103" /><testcase classname="backend.tests.test_iteration23.TestReturnInterview" name="test_staff_signoff_forbidden" time="0.102" /><testcase classname="backend.tests.test_iteration23.TestReturnInterview" name="test_senior_signoff_forbidden" time="0.102" /><testcase classname="backend.tests.test_iteration23.TestReturnInterview" name="test_manager_signoff" time="0.123" /><testcase classname="backend.tests.test_iteration23.TestReturnInterview" name="test_senior_cannot_edit_after_signoff" time="0.094" /><testcase classname="backend.tests.test_iteration23.TestReturnInterview" name="test_manager_can_edit_after_signoff" time="0.097" /><testcase classname="backend.tests.test_iteration23.TestReturnInterview" name="test_pdf_export" time="0.128" /><testcase classname="backend.tests.test_iteration23.TestReturnInterview" name="test_missing_pdf_embeds_photo" time="0.161" /><testcase classname="backend.tests.test_iteration23.TestInspectionSnapshot" name="test_staff_forbidden" time="0.100" /><testcase classname="backend.tests.test_iteration23.TestInspectionSnapshot" name="test_senior_forbidden" time="0.096" /><testcase classname="backend.tests.test_iteration23.TestInspectionSnapshot" name="test_manager_snapshot_auto" time="0.130" /><testcase classname="backend.tests.test_iteration23.TestInspectionSnapshot" name="test_explicit_ofsted_scope" time="0.105" /><testcase classname="backend.tests.test_iteration23.TestInspectionSnapshot" name="test_explicit_cqc_scope" time="0.107" /><testcase classname="backend.tests.test_iteration23.TestInspectionSnapshot" name="test_pdf_auto" time="0.131" /><testcase classname="backend.tests.test_iteration23.TestInspectionSnapshot" name="test_pdf_ofsted" time="0.124" /><testcase classname="backend.tests.test_iteration23.TestInspectionSnapshot" name="test_pdf_cqc" time="0.134" /><testcase classname="backend.tests.test_iteration23.TestInspectionSnapshot" name="test_pdf_staff_forbidden" time="0.106" /><testcase classname="backend.tests.test_iteration23.TestRegression" name="test_pocket_money" time="0.101" /><testcase classname="backend.tests.test_iteration23.TestRegression" name="test_handovers" time="0.104" /><testcase classname="backend.tests.test_iteration23.TestRegression" name="test_dashboard_stats" time="0.107" /><testcase classname="backend.tests.test_iteration23.TestRegression" name="test_cqc_readiness_still_works" time="0.102" /><testcase classname="backend.tests.test_iteration23.TestRegression" name="test_service_types_active" time="0.103" /></testsuite></testsuites>