<?xml version="1.0" encoding="utf-8"?><testsuites name="pytest tests"><testsuite name="pytest" errors="0" failures="1" skipped="0" tests="11" time="5.933" timestamp="2026-05-16T21:28:24.657517+00:00" hostname="agent-env-84059a5d-14ce-47b5-99f5-fae2c1ff53de"><testcase classname="backend.tests.test_iteration41e" name="test_la_captured_on_simulation_log" time="0.771" /><testcase classname="backend.tests.test_iteration41e" name="test_la_captured_from_overrides" time="0.302" /><testcase classname="backend.tests.test_iteration41e" name="test_la_breakdown_present_in_analytics" time="0.538" /><testcase classname="backend.tests.test_iteration41e" name="test_la_breakdown_fields" time="0.240" /><testcase classname="backend.tests.test_iteration41e" name="test_la_breakdown_sorted_by_volume" time="0.129" /><testcase classname="backend.tests.test_iteration41e" name="test_la_breakdown_top_10_cap" time="1.773" /><testcase classname="backend.tests.test_iteration41e" name="test_la_conversion_math" time="1.042"><failure message="assert 6 == 3">backend/tests/test_iteration41e.py:134: in test_la_conversion_math
    assert row["simulations"] == 3
E   assert 6 == 3</failure></testcase><testcase classname="backend.tests.test_iteration41e" name="test_la_breakdown_no_narrative_leak" time="0.232" /><testcase classname="backend.tests.test_iteration41e" name="test_la_breakdown_rbac" time="0.460" /><testcase classname="backend.tests.test_iteration41e" name="test_la_insight_tone_is_neutral" time="0.130" /><testcase classname="backend.tests.test_iteration41e" name="test_simulations_without_la_excluded_from_breakdown" time="0.238" /></testsuite></testsuites>