<?xml version="1.0" encoding="utf-8"?><testsuites name="pytest tests"><testsuite name="pytest" errors="0" failures="0" skipped="0" tests="4" time="1.001" timestamp="2026-05-30T00:22:07.453465+00:00" hostname="agent-env-84059a5d-14ce-47b5-99f5-fae2c1ff53de"><testcase classname="backend.tests.test_iteration51_sector_boundary" name="test_staffing_overview_no_workspace_returns_all" time="0.235" /><testcase classname="backend.tests.test_iteration51_sector_boundary" name="test_staffing_overview_children_workspace_excludes_adult" time="0.235" /><testcase classname="backend.tests.test_iteration51_sector_boundary" name="test_staffing_overview_adult_workspace_excludes_children" time="0.234" /><testcase classname="backend.tests.test_iteration51_sector_boundary" name="test_staffing_overview_invalid_workspace_falls_back_open" time="0.233" /></testsuite></testsuites>