<?xml version="1.0" encoding="utf-8"?><testsuites name="pytest tests"><testsuite name="pytest" errors="0" failures="0" skipped="0" tests="17" time="11.190" timestamp="2026-05-06T01:55:59.939569+00:00" hostname="agent-env-84059a5d-14ce-47b5-99f5-fae2c1ff53de"><testcase classname="backend.tests.test_iteration19.TestSectionsMeta" name="test_13_sections_returned" time="0.570" /><testcase classname="backend.tests.test_iteration19.TestListHandovers" name="test_list_includes_seeds" time="0.128" /><testcase classname="backend.tests.test_iteration19.TestListHandovers" name="test_list_status_filter" time="0.105" /><testcase classname="backend.tests.test_iteration19.TestCreateGet" name="test_create_draft_has_13_empty_sections" time="0.225" /><testcase classname="backend.tests.test_iteration19.TestCreateGet" name="test_get_full_doc" time="0.872" /><testcase classname="backend.tests.test_iteration19.TestPatch" name="test_patch_draft_updates_section_and_flagged_count" time="0.610" /><testcase classname="backend.tests.test_iteration19.TestPatch" name="test_patch_locked_returns_409" time="0.283" /><testcase classname="backend.tests.test_iteration19.TestSignOut" name="test_signout_requires_initials" time="0.374" /><testcase classname="backend.tests.test_iteration19.TestSignOut" name="test_signout_moves_to_awaiting_incoming" time="0.416" /><testcase classname="backend.tests.test_iteration19.TestSignIn" name="test_signin_requires_awaiting_state" time="0.420" /><testcase classname="backend.tests.test_iteration19.TestSignIn" name="test_signin_requires_initials" time="2.874" /><testcase classname="backend.tests.test_iteration19.TestSignIn" name="test_signin_locks_and_logs_when_flagged" time="0.639" /><testcase classname="backend.tests.test_iteration19.TestUnlockAndRBAC" name="test_unlock_staff_forbidden" time="0.625" /><testcase classname="backend.tests.test_iteration19.TestUnlockAndRBAC" name="test_unlock_must_be_locked" time="0.362" /><testcase classname="backend.tests.test_iteration19.TestUnlockAndRBAC" name="test_unlock_sets_window_and_patch_succeeds" time="0.848" /><testcase classname="backend.tests.test_iteration19.TestUnlockAndRBAC" name="test_delete_staff_forbidden" time="0.354" /><testcase classname="backend.tests.test_iteration19.TestLifecycle" name="test_full_lifecycle" time="1.388" /></testsuite></testsuites>