<?xml version="1.0" encoding="utf-8"?><testsuites name="pytest tests"><testsuite name="pytest" errors="0" failures="0" skipped="0" tests="17" time="10.040" timestamp="2026-05-30T20:56:19.754140+00:00" hostname="agent-env-84059a5d-14ce-47b5-99f5-fae2c1ff53de"><testcase classname="backend.tests.test_iteration56_induction_compliance" name="test_risk_green_no_target" time="0.699" /><testcase classname="backend.tests.test_iteration56_induction_compliance" name="test_risk_amber_due_within_7d" time="0.701" /><testcase classname="backend.tests.test_iteration56_induction_compliance" name="test_risk_red_overdue" time="0.697" /><testcase classname="backend.tests.test_iteration56_induction_compliance" name="test_risk_green_signed_off_regardless_of_target" time="0.765" /><testcase classname="backend.tests.test_iteration56_induction_compliance" name="test_dashboard_shape_and_rbac" time="0.458" /><testcase classname="backend.tests.test_iteration56_induction_compliance" name="test_dashboard_overdue_includes_red_assignment" time="0.696" /><testcase classname="backend.tests.test_iteration56_induction_compliance" name="test_dashboard_due_this_week_amber" time="0.702" /><testcase classname="backend.tests.test_iteration56_induction_compliance" name="test_certificate_pdf_requires_signoff" time="0.701" /><testcase classname="backend.tests.test_iteration56_induction_compliance" name="test_certificate_pdf_after_signoff" time="0.775" /><testcase classname="backend.tests.test_iteration56_induction_compliance" name="test_certificate_pdf_staff_can_download_own" time="1.053" /><testcase classname="backend.tests.test_iteration56_induction_compliance" name="test_signoff_attaches_to_hr_induction_folder" time="0.767" /><testcase classname="backend.tests.test_iteration56_induction_compliance" name="test_staff_induction_summary" time="0.457" /><testcase classname="backend.tests.test_iteration56_induction_compliance" name="test_staff_summary_rbac" time="0.456" /><testcase classname="backend.tests.test_iteration56_induction_compliance" name="test_inspection_pack_summary" time="0.230" /><testcase classname="backend.tests.test_iteration56_induction_compliance" name="test_inspection_pack_rbac" time="0.231" /><testcase classname="backend.tests.test_iteration56_induction_compliance" name="test_inspection_pack_pdf" time="0.339" /><testcase classname="backend.tests.test_iteration56_induction_compliance" name="test_readiness_uses_new_weights" time="0.235" /></testsuite></testsuites>