<?xml version="1.0" encoding="utf-8"?><testsuites name="pytest tests"><testsuite name="pytest" errors="0" failures="0" skipped="0" tests="32" time="15.508" timestamp="2026-05-16T00:04:06.988059+00:00" hostname="agent-env-84059a5d-14ce-47b5-99f5-fae2c1ff53de"><testcase classname="backend.tests.test_iteration40b" name="test_burnout_requires_manager_tier" time="1.878" /><testcase classname="backend.tests.test_iteration40b" name="test_burnout_payload_shape" time="0.119" /><testcase classname="backend.tests.test_iteration40b" name="test_burnout_staff_card_shape" time="0.141" /><testcase classname="backend.tests.test_iteration40b" name="test_burnout_label_tone_is_supportive" time="0.115" /><testcase classname="backend.tests.test_iteration40b" name="test_burnout_determinism" time="0.227" /><testcase classname="backend.tests.test_iteration40b" name="test_burnout_summary_consistency" time="0.132" /><testcase classname="backend.tests.test_iteration40b" name="test_burnout_does_not_leak_reflection_text" time="0.531" /><testcase classname="backend.tests.test_iteration40b" name="test_burnout_evidence_chain_explainable" time="0.137" /><testcase classname="backend.tests.test_iteration40b" name="test_burnout_recommended_actions_present" time="0.137" /><testcase classname="backend.tests.test_iteration40" name="test_forecast_any_auth" time="0.885" /><testcase classname="backend.tests.test_iteration40" name="test_forecast_children_payload_shape" time="0.106" /><testcase classname="backend.tests.test_iteration40" name="test_forecast_determinism" time="0.205" /><testcase classname="backend.tests.test_iteration40" name="test_forecast_adult_does_not_use_children_engine" time="0.099" /><testcase classname="backend.tests.test_iteration40" name="test_forecast_sorts_by_severity" time="0.095" /><testcase classname="backend.tests.test_iteration40" name="test_resident_stability_list" time="0.113" /><testcase classname="backend.tests.test_iteration40" name="test_resident_stability_single" time="0.249" /><testcase classname="backend.tests.test_iteration40" name="test_resident_stability_explainable" time="0.109" /><testcase classname="backend.tests.test_iteration38" name="test_staffing_overview_open_to_any_auth" time="1.319" /><testcase classname="backend.tests.test_iteration38" name="test_staffing_overview_pressure_shape" time="0.104" /><testcase classname="backend.tests.test_iteration38" name="test_staffing_overview_ratios_compute" time="0.110" /><testcase classname="backend.tests.test_iteration38" name="test_staffing_overview_sector_filter_narrows_ratios" time="0.103" /><testcase classname="backend.tests.test_iteration38" name="test_staffing_overview_shift_filter_narrows_on_shift" time="0.237" /><testcase classname="backend.tests.test_iteration38" name="test_staffing_overview_pressure_unaffected_by_filters" time="0.313" /><testcase classname="backend.tests.test_iteration38" name="test_staffing_config_rbac" time="0.819" /><testcase classname="backend.tests.test_iteration38" name="test_clock_in_out_lifecycle" time="0.748" /><testcase classname="backend.tests.test_iteration38" name="test_clock_in_self_only" time="0.396" /><testcase classname="backend.tests.test_iteration38" name="test_sleep_in_disturbance" time="0.940" /><testcase classname="backend.tests.test_iteration38" name="test_leave_request_lifecycle" time="0.980" /><testcase classname="backend.tests.test_iteration38" name="test_leave_list_scoped_to_self_for_staff" time="0.830" /><testcase classname="backend.tests.test_iteration38" name="test_shift_swap_full_lifecycle" time="1.790" /><testcase classname="backend.tests.test_iteration38" name="test_swap_cannot_be_created_on_started_shift" time="0.800" /><testcase classname="backend.tests.test_iteration38" name="test_staffing_mine" time="0.659" /></testsuite></testsuites>