<?xml version="1.0" encoding="utf-8"?><testsuites name="pytest tests"><testsuite name="pytest" errors="0" failures="0" skipped="0" tests="16" time="4.708" timestamp="2026-05-16T21:46:46.345618+00:00" hostname="agent-env-84059a5d-14ce-47b5-99f5-fae2c1ff53de"><testcase classname="backend.tests.test_iteration42" name="test_per_child_endpoint_open_to_any_authed" time="2.065" /><testcase classname="backend.tests.test_iteration42" name="test_emerging_concerns_manager_plus_only" time="0.496" /><testcase classname="backend.tests.test_iteration42" name="test_per_child_404_unknown_id" time="0.109" /><testcase classname="backend.tests.test_iteration42" name="test_per_child_payload_shape" time="0.109" /><testcase classname="backend.tests.test_iteration42" name="test_per_child_factor_shape" time="0.105" /><testcase classname="backend.tests.test_iteration42" name="test_per_child_signals_include_baseline_and_current" time="0.108" /><testcase classname="backend.tests.test_iteration42" name="test_per_child_deterministic" time="0.258" /><testcase classname="backend.tests.test_iteration42" name="test_score_math_is_risk_minus_protective_clamped" time="0.111" /><testcase classname="backend.tests.test_iteration42" name="test_supportive_tone_in_labels" time="0.128" /><testcase classname="backend.tests.test_iteration42" name="test_status_labels_are_supportive" time="0.147" /><testcase classname="backend.tests.test_iteration42" name="test_org_panel_shape" time="0.147" /><testcase classname="backend.tests.test_iteration42" name="test_org_panel_summary_counts_match" time="0.138" /><testcase classname="backend.tests.test_iteration42" name="test_org_panel_concerns_sorted_by_severity" time="0.139" /><testcase classname="backend.tests.test_iteration42" name="test_org_panel_lite_rows_no_sensitive_fields" time="0.138" /><testcase classname="backend.tests.test_iteration42" name="test_org_panel_separates_stabilising_from_concerns" time="0.137" /><testcase classname="backend.tests.test_iteration42" name="test_explainable_note_present" time="0.309" /></testsuite></testsuites>