<?xml version="1.0" encoding="utf-8"?><testsuites name="pytest tests"><testsuite name="pytest" errors="0" failures="0" skipped="0" tests="16" time="6.114" timestamp="2026-05-30T13:13:45.063831+00:00" hostname="agent-env-84059a5d-14ce-47b5-99f5-fae2c1ff53de"><testcase classname="backend.tests.test_iteration54_scheduler" name="test_cliff_edge_shape_children" time="0.235" /><testcase classname="backend.tests.test_iteration54_scheduler" name="test_cliff_edge_rbac_staff_blocked" time="0.229" /><testcase classname="backend.tests.test_iteration54_scheduler" name="test_cliff_edge_persists_snapshot" time="0.238" /><testcase classname="backend.tests.test_iteration54_scheduler" name="test_templates_seeded" time="0.232" /><testcase classname="backend.tests.test_iteration54_scheduler" name="test_create_task_basic" time="0.461" /><testcase classname="backend.tests.test_iteration54_scheduler" name="test_create_task_staff_rbac" time="0.229" /><testcase classname="backend.tests.test_iteration54_scheduler" name="test_task_status_computed_overdue" time="0.463" /><testcase classname="backend.tests.test_iteration54_scheduler" name="test_recurring_task_spawns_next_on_complete" time="0.467" /><testcase classname="backend.tests.test_iteration54_scheduler" name="test_non_recurring_task_complete_no_spawn" time="0.463" /><testcase classname="backend.tests.test_iteration54_scheduler" name="test_staff_sees_only_own_tasks" time="0.468" /><testcase classname="backend.tests.test_iteration54_scheduler" name="test_staff_can_only_update_status" time="0.468" /><testcase classname="backend.tests.test_iteration54_scheduler" name="test_task_delete_rbac" time="0.691" /><testcase classname="backend.tests.test_iteration54_scheduler" name="test_tasks_dashboard_shape" time="0.231" /><testcase classname="backend.tests.test_iteration54_scheduler" name="test_tasks_dashboard_rbac_staff_blocked" time="0.228" /><testcase classname="backend.tests.test_iteration54_scheduler" name="test_supervision_creates_linked_task" time="0.467" /><testcase classname="backend.tests.test_iteration54_scheduler" name="test_weekly_recurrence_with_day_of_week" time="0.468" /></testsuite></testsuites>