<?xml version="1.0" encoding="utf-8"?><testsuites name="pytest tests"><testsuite name="pytest" errors="0" failures="0" skipped="0" tests="7" time="72.856" timestamp="2026-05-15T20:04:22.188869+00:00" hostname="agent-env-84059a5d-14ce-47b5-99f5-fae2c1ff53de"><testcase classname="backend.tests.test_iteration34" name="test_command_centre_requires_senior_plus" time="1.980" /><testcase classname="backend.tests.test_iteration34" name="test_command_centre_payload_shape" time="0.221" /><testcase classname="backend.tests.test_iteration34" name="test_command_centre_excludes_adult_residents" time="0.215" /><testcase classname="backend.tests.test_iteration34" name="test_inspection_actions_crud" time="0.904" /><testcase classname="backend.tests.test_iteration34" name="test_inspection_actions_reopen_clears_resolution" time="68.758" /><testcase classname="backend.tests.test_iteration34" name="test_command_centre_includes_recently_resolved" time="0.590" /><testcase classname="backend.tests.test_iteration34" name="test_command_centre_unauth" time="0.122" /></testsuite></testsuites>