<?xml version="1.0" encoding="utf-8"?><testsuites name="pytest tests"><testsuite name="pytest" errors="0" failures="0" skipped="0" tests="12" time="5.899" timestamp="2026-05-16T20:25:37.665928+00:00" hostname="agent-env-84059a5d-14ce-47b5-99f5-fae2c1ff53de"><testcase classname="backend.tests.test_iteration41" name="test_referral_endpoints_manager_plus_only" time="2.686" /><testcase classname="backend.tests.test_iteration41" name="test_delete_admin_only" time="0.423" /><testcase classname="backend.tests.test_iteration41" name="test_home_readiness_shape" time="0.123" /><testcase classname="backend.tests.test_iteration41" name="test_home_readiness_deterministic" time="0.280" /><testcase classname="backend.tests.test_iteration41" name="test_referral_intelligence_shape" time="0.133" /><testcase classname="backend.tests.test_iteration41" name="test_intelligence_deterministic" time="0.282" /><testcase classname="backend.tests.test_iteration41" name="test_intelligence_explainability" time="0.135" /><testcase classname="backend.tests.test_iteration41" name="test_decision_records_audit" time="0.120" /><testcase classname="backend.tests.test_iteration41" name="test_unknown_needs_filtered" time="0.570" /><testcase classname="backend.tests.test_iteration41" name="test_pdf_downloadable_by_manager" time="0.141" /><testcase classname="backend.tests.test_iteration41" name="test_pdf_blocked_for_senior" time="0.119" /><testcase classname="backend.tests.test_iteration41" name="test_unknown_referral_404" time="0.825" /></testsuite></testsuites>