<?xml version="1.0" encoding="utf-8"?><testsuites name="pytest tests"><testsuite name="pytest" errors="0" failures="0" skipped="0" tests="17" time="7.743" timestamp="2026-05-24T21:04:41.569411+00:00" hostname="agent-env-84059a5d-14ce-47b5-99f5-fae2c1ff53de"><testcase classname="tests.test_iteration45_inspector" name="test_create_manager_plus_only" time="2.027" /><testcase classname="tests.test_iteration45_inspector" name="test_list_manager_plus_only" time="0.217" /><testcase classname="tests.test_iteration45_inspector" name="test_revoke_manager_plus_only" time="0.382" /><testcase classname="tests.test_iteration45_inspector" name="test_expiry_only_allowed_values" time="1.333" /><testcase classname="tests.test_iteration45_inspector" name="test_create_response_shape" time="0.129" /><testcase classname="tests.test_iteration45_inspector" name="test_create_share_url_contains_token" time="0.125" /><testcase classname="tests.test_iteration45_inspector" name="test_listing_never_exposes_token" time="0.249" /><testcase classname="tests.test_iteration45_inspector" name="test_public_preview_works_without_auth" time="0.236" /><testcase classname="tests.test_iteration45_inspector" name="test_public_preview_strips_sensitive_fields" time="0.253" /><testcase classname="tests.test_iteration45_inspector" name="test_public_preview_invalid_token_404" time="0.113" /><testcase classname="tests.test_iteration45_inspector" name="test_public_preview_revoked_token_404" time="0.489" /><testcase classname="tests.test_iteration45_inspector" name="test_public_preview_increments_view_count" time="0.639" /><testcase classname="tests.test_iteration45_inspector" name="test_filter_snapshot_applies_to_preview" time="0.387" /><testcase classname="tests.test_iteration45_inspector" name="test_revoke_idempotent" time="0.341" /><testcase classname="tests.test_iteration45_inspector" name="test_revoke_unknown_404" time="0.119" /><testcase classname="tests.test_iteration45_inspector" name="test_preview_endpoint_ignores_auth_headers" time="0.374" /><testcase classname="tests.test_iteration45_inspector" name="test_create_writes_audit" time="0.255" /></testsuite></testsuites>