<?xml version="1.0" encoding="utf-8"?><testsuites name="pytest tests"><testsuite name="pytest" errors="0" failures="1" skipped="0" tests="6" time="3.393" timestamp="2026-05-16T20:26:10.791862+00:00" hostname="agent-env-84059a5d-14ce-47b5-99f5-fae2c1ff53de"><testcase classname="backend.tests.test_iteration41_extra" name="test_listing_works_for_manager" time="0.490" /><testcase classname="backend.tests.test_iteration41_extra" name="test_get_single_404" time="1.002" /><testcase classname="backend.tests.test_iteration41_extra" name="test_patch_locked_after_accept" time="0.697"><failure message="AssertionError: {&quot;detail&quot;:[{&quot;type&quot;:&quot;missing&quot;,&quot;loc&quot;:[&quot;body&quot;,&quot;yp_initials&quot;],&quot;msg&quot;:&quot;Field required&quot;,&quot;input&quot;:{&quot;reason_for_referral&quot;:&quot;Updated reason&quot;},&quot;url&quot;:&quot;https://errors.pydantic.dev/2.13/v/missing&quot;}]}&#10;assert 422 == 200&#10; +  where 422 = &lt;Response [422]&gt;.status_code">backend/tests/test_iteration41_extra.py:50: in test_patch_locked_after_accept
    assert r2.status_code == 200, r2.text
E   AssertionError: {"detail":[{"type":"missing","loc":["body","yp_initials"],"msg":"Field required","input":{"reason_for_referral":"Updated reason"},"url":"https://errors.pydantic.dev/2.13/v/missing"}]}
E   assert 422 == 200
E    +  where 422 = &lt;Response [422]&gt;.status_code</failure></testcase><testcase classname="backend.tests.test_iteration41_extra" name="test_intelligence_factor_chain_present" time="0.372" /><testcase classname="backend.tests.test_iteration41_extra" name="test_decision_conditions_filtered" time="0.309" /><testcase classname="backend.tests.test_iteration41_extra" name="test_decision_blocked_low_tier" time="0.429" /></testsuite></testsuites>