<?xml version="1.0" encoding="utf-8"?><testsuites name="pytest tests"><testsuite name="pytest" errors="0" failures="0" skipped="0" tests="11" time="2.910" timestamp="2026-05-30T11:39:12.980200+00:00" hostname="agent-env-84059a5d-14ce-47b5-99f5-fae2c1ff53de"><testcase classname="backend.tests.test_iteration52_policy_intelligence" name="test_intelligence_dashboard_shape" time="0.246" /><testcase classname="backend.tests.test_iteration52_policy_intelligence" name="test_intelligence_dashboard_staff_blocked" time="0.228" /><testcase classname="backend.tests.test_iteration52_policy_intelligence" name="test_intelligence_dashboard_most_failed_capped_at_10" time="0.246" /><testcase classname="backend.tests.test_iteration52_policy_intelligence" name="test_inspection_readiness_score_shape" time="0.236" /><testcase classname="backend.tests.test_iteration52_policy_intelligence" name="test_inspection_readiness_staff_blocked" time="0.229" /><testcase classname="backend.tests.test_iteration52_policy_intelligence" name="test_inspection_readiness_evidence_pack_pdf" time="0.269" /><testcase classname="backend.tests.test_iteration52_policy_intelligence" name="test_inspection_readiness_evidence_pack_staff_blocked" time="0.228" /><testcase classname="backend.tests.test_iteration52_policy_intelligence" name="test_intelligence_dashboard_governance_block_present_when_sop_exists" time="0.242" /><testcase classname="backend.tests.test_iteration52_policy_intelligence" name="test_intelligence_dashboard_by_role_includes_known_roles" time="0.243" /><testcase classname="backend.tests.test_iteration52_policy_intelligence" name="test_intelligence_dashboard_adult_sector_distinct" time="0.402" /><testcase classname="backend.tests.test_iteration52_policy_intelligence" name="test_evidence_pack_audit_event_emitted" time="0.278" /></testsuite></testsuites>