<?xml version="1.0" encoding="utf-8"?><testsuites name="pytest tests"><testsuite name="pytest" errors="0" failures="0" skipped="0" tests="15" time="3.660" timestamp="2026-05-05T23:48:30.474810+00:00" hostname="agent-env-84059a5d-14ce-47b5-99f5-fae2c1ff53de"><testcase classname="backend.tests.test_iteration14.TestHealthBundle" name="test_get_health_bundle_structure" time="0.654" /><testcase classname="backend.tests.test_iteration14.TestHealthBundle" name="test_maddy_has_overdue_immunisation" time="0.128" /><testcase classname="backend.tests.test_iteration14.TestHealthCRUD" name="test_create_appointment_and_persist" time="0.244" /><testcase classname="backend.tests.test_iteration14.TestHealthCRUD" name="test_patch_appointment" time="0.125" /><testcase classname="backend.tests.test_iteration14.TestHealthCRUD" name="test_create_observation" time="0.495" /><testcase classname="backend.tests.test_iteration14.TestHealthCRUD" name="test_create_immunisation" time="0.136" /><testcase classname="backend.tests.test_iteration14.TestHealthCRUD" name="test_delete_immunisation_requires_manager" time="0.150" /><testcase classname="backend.tests.test_iteration14.TestHealthCRUD" name="test_cleanup" time="0.411" /><testcase classname="backend.tests.test_iteration14.TestEducation" name="test_get_education_stub_for_unknown" time="0.136" /><testcase classname="backend.tests.test_iteration14.TestEducation" name="test_leo_has_overdue_next_pep" time="0.202" /><testcase classname="backend.tests.test_iteration14.TestEducation" name="test_upsert_education" time="0.231" /><testcase classname="backend.tests.test_iteration14.TestEducation" name="test_add_achievement_and_exclusion" time="0.256" /><testcase classname="backend.tests.test_iteration14.TestOfstedReadiness" name="test_readiness_shape" time="0.167" /><testcase classname="backend.tests.test_iteration14.TestRegressionIter13" name="test_medications_round_accessible" time="0.120" /><testcase classname="backend.tests.test_iteration14.TestRegressionIter13" name="test_dashboard_stats" time="0.142" /></testsuite></testsuites>