<?xml version="1.0" encoding="utf-8"?><testsuites name="pytest tests"><testsuite name="pytest" errors="0" failures="0" skipped="0" tests="15" time="4.046" timestamp="2026-05-05T22:52:06.572554+00:00" hostname="agent-env-84059a5d-14ce-47b5-99f5-fae2c1ff53de"><testcase classname="backend.tests.test_iteration12.TestResidentProfile" name="test_residents_have_legal_status_seeded" time="0.665" /><testcase classname="backend.tests.test_iteration12.TestResidentProfile" name="test_get_resident_full_profile" time="0.152" /><testcase classname="backend.tests.test_iteration12.TestResidentProfile" name="test_get_resident_404" time="0.125" /><testcase classname="backend.tests.test_iteration12.TestResidentProfile" name="test_patch_resident_manager_persists" time="0.631" /><testcase classname="backend.tests.test_iteration12.TestResidentProfile" name="test_patch_resident_staff_forbidden" time="0.121" /><testcase classname="backend.tests.test_iteration12.TestResidentTimeline" name="test_timeline_returns_items" time="0.128" /><testcase classname="backend.tests.test_iteration12.TestMissingPack" name="test_open_episode_creates_share_token_and_incident" time="0.514" /><testcase classname="backend.tests.test_iteration12.TestMissingPack" name="test_patch_episode_police_notified" time="0.224" /><testcase classname="backend.tests.test_iteration12.TestMissingPack" name="test_patch_episode_returned_sets_status" time="0.157" /><testcase classname="backend.tests.test_iteration12.TestMissingPack" name="test_episode_pdf_authenticated" time="0.210" /><testcase classname="backend.tests.test_iteration12.TestMissingPack" name="test_share_link_no_auth" time="0.123" /><testcase classname="backend.tests.test_iteration12.TestMissingPack" name="test_share_link_pdf_no_auth" time="0.165" /><testcase classname="backend.tests.test_iteration12.TestMissingPack" name="test_share_link_invalid_token" time="0.130" /><testcase classname="backend.tests.test_iteration12.TestMissingPack" name="test_list_episodes_for_resident" time="0.127" /><testcase classname="backend.tests.test_iteration12.TestMissingPack" name="test_timeline_includes_missing_episode" time="0.487" /></testsuite></testsuites>