<?xml version="1.0" encoding="utf-8"?><testsuites name="pytest tests"><testsuite name="pytest" errors="0" failures="0" skipped="1" tests="14" time="2.964" timestamp="2026-05-09T14:43:58.365062+00:00" hostname="agent-env-84059a5d-14ce-47b5-99f5-fae2c1ff53de"><testcase classname="backend.tests.test_iteration22.TestServiceTypes" name="test_active_returns_sectors" time="0.451" /><testcase classname="backend.tests.test_iteration22.TestServiceTypes" name="test_full_registry" time="0.104" /><testcase classname="backend.tests.test_iteration22.TestCQCReadiness" name="test_requires_auth" time="0.117" /><testcase classname="backend.tests.test_iteration22.TestCQCReadiness" name="test_payload_shape" time="0.098" /><testcase classname="backend.tests.test_iteration22.TestResidentsFiltering" name="test_children_filter" time="0.126" /><testcase classname="backend.tests.test_iteration22.TestResidentsFiltering" name="test_adult_supported_living_filter" time="0.098" /><testcase classname="backend.tests.test_iteration22.TestResidentsFiltering" name="test_sector_adult_returns_all_adult" time="0.109" /><testcase classname="backend.tests.test_iteration22.TestResidentsFiltering" name="test_no_filter_returns_all" time="0.124" /><testcase classname="backend.tests.test_iteration22.TestRegression" name="test_pocket_money_balances" time="0.104" /><testcase classname="backend.tests.test_iteration22.TestRegression" name="test_petty_cash_summary" time="0.195" /><testcase classname="backend.tests.test_iteration22.TestRegression" name="test_handover_list" time="0.103" /><testcase classname="backend.tests.test_iteration22.TestRegression" name="test_role_gate_reports_staff_blocked" time="0.429" /><testcase classname="backend.tests.test_iteration22.TestRegression" name="test_role_gate_hr_senior_blocked" time="0.699"><skipped type="pytest.skip" message="no clearly-gated HR endpoint found among ['/hr/applicants', '/hr', '/safer-recruitment/applicants']">/app/backend/tests/test_iteration22.py:168: no clearly-gated HR endpoint found among ['/hr/applicants', '/hr', '/safer-recruitment/applicants']</skipped></testcase><testcase classname="backend.tests.test_iteration22.TestRegression" name="test_dashboard_stats_manager" time="0.127" /></testsuite></testsuites>