<?xml version="1.0" encoding="utf-8"?><testsuites name="pytest tests"><testsuite name="pytest" errors="0" failures="0" skipped="1" tests="229" time="139.984" timestamp="2026-05-09T18:50:15.894481+00:00" hostname="agent-env-84059a5d-14ce-47b5-99f5-fae2c1ff53de"><testcase classname="backend.tests.test_iteration19.TestSectionsMeta" name="test_13_sections_returned" time="0.573" /><testcase classname="backend.tests.test_iteration19.TestListHandovers" name="test_list_includes_seeds" time="0.109" /><testcase classname="backend.tests.test_iteration19.TestListHandovers" name="test_list_status_filter" time="0.115" /><testcase classname="backend.tests.test_iteration19.TestCreateGet" name="test_create_draft_has_13_empty_sections" time="0.201" /><testcase classname="backend.tests.test_iteration19.TestCreateGet" name="test_get_full_doc" time="0.325" /><testcase classname="backend.tests.test_iteration19.TestPatch" name="test_patch_draft_updates_section_and_flagged_count" time="0.451" /><testcase classname="backend.tests.test_iteration19.TestPatch" name="test_patch_locked_returns_409" time="0.219" /><testcase classname="backend.tests.test_iteration19.TestSignOut" name="test_signout_requires_initials" time="0.328" /><testcase classname="backend.tests.test_iteration19.TestSignOut" name="test_signout_moves_to_awaiting_incoming" time="0.384" /><testcase classname="backend.tests.test_iteration19.TestSignIn" name="test_signin_requires_awaiting_state" time="0.318" /><testcase classname="backend.tests.test_iteration19.TestSignIn" name="test_signin_requires_initials" time="0.735" /><testcase classname="backend.tests.test_iteration19.TestSignIn" name="test_signin_locks_and_logs_when_flagged" time="0.554" /><testcase classname="backend.tests.test_iteration19.TestUnlockAndRBAC" name="test_unlock_staff_forbidden" time="0.539" /><testcase classname="backend.tests.test_iteration19.TestUnlockAndRBAC" name="test_unlock_must_be_locked" time="0.329" /><testcase classname="backend.tests.test_iteration19.TestUnlockAndRBAC" name="test_unlock_sets_window_and_patch_succeeds" time="0.694" /><testcase classname="backend.tests.test_iteration19.TestUnlockAndRBAC" name="test_delete_staff_forbidden" time="0.370" /><testcase classname="backend.tests.test_iteration19.TestLifecycle" name="test_full_lifecycle" time="1.145" /><testcase classname="backend.tests.test_iteration20.TestAuthPermissions" name="test_senior_seed_exists_and_logs_in" time="0.317" /><testcase classname="backend.tests.test_iteration20.TestAuthPermissions" name="test_permissions_endpoint_shape[staff]" time="1.429" /><testcase classname="backend.tests.test_iteration20.TestAuthPermissions" name="test_permissions_endpoint_shape[senior]" time="0.097" /><testcase classname="backend.tests.test_iteration20.TestAuthPermissions" name="test_permissions_endpoint_shape[manager]" time="0.331" /><testcase classname="backend.tests.test_iteration20.TestAuthPermissions" name="test_permissions_endpoint_shape[admin]" time="0.101" /><testcase classname="backend.tests.test_iteration20.TestAuthPermissions" name="test_staff_has_training_self_not_matrix" time="0.105" /><testcase classname="backend.tests.test_iteration20.TestAuthPermissions" name="test_senior_has_matrix_not_hr" time="0.106" /><testcase classname="backend.tests.test_iteration20.TestAuthPermissions" name="test_manager_has_hr" time="0.106" /><testcase classname="backend.tests.test_iteration20.TestAuthPermissions" name="test_admin_has_everything" time="0.110" /><testcase classname="backend.tests.test_iteration20.TestHRPreview" name="test_staff_forbidden" time="0.119" /><testcase classname="backend.tests.test_iteration20.TestHRPreview" name="test_senior_forbidden" time="0.126" /><testcase classname="backend.tests.test_iteration20.TestHRPreview" name="test_manager_ok" time="0.110" /><testcase classname="backend.tests.test_iteration20.TestHRPreview" name="test_admin_ok" time="0.218" /><testcase classname="backend.tests.test_iteration20.TestTrainings" name="test_matrix_staff_forbidden" time="0.114" /><testcase classname="backend.tests.test_iteration20.TestTrainings" name="test_matrix_senior_plus_ok[senior]" time="0.117" /><testcase classname="backend.tests.test_iteration20.TestTrainings" name="test_matrix_senior_plus_ok[manager]" time="0.096" /><testcase classname="backend.tests.test_iteration20.TestTrainings" name="test_matrix_senior_plus_ok[admin]" time="0.122" /><testcase classname="backend.tests.test_iteration20.TestTrainings" name="test_list_trainings_staff_forbidden" time="0.097" /><testcase classname="backend.tests.test_iteration20.TestTrainings" name="test_list_trainings_senior_plus_ok[senior]" time="0.105" /><testcase classname="backend.tests.test_iteration20.TestTrainings" name="test_list_trainings_senior_plus_ok[manager]" time="0.105" /><testcase classname="backend.tests.test_iteration20.TestTrainings" name="test_list_trainings_senior_plus_ok[admin]" time="0.108" /><testcase classname="backend.tests.test_iteration20.TestTrainings" name="test_trainings_mine_all_roles[staff]" time="0.109" /><testcase classname="backend.tests.test_iteration20.TestTrainings" name="test_trainings_mine_all_roles[senior]" time="0.103" /><testcase classname="backend.tests.test_iteration20.TestTrainings" name="test_trainings_mine_all_roles[manager]" time="0.100" /><testcase classname="backend.tests.test_iteration20.TestTrainings" name="test_trainings_mine_all_roles[admin]" time="0.096" /><testcase classname="backend.tests.test_iteration20.TestRegister" name="test_register_senior_role_accepted" time="0.100" /><testcase classname="backend.tests.test_iteration20.TestRegister" name="test_register_invalid_role_rejected" time="0.100" /><testcase classname="backend.tests.test_iteration20.TestIter19Regression" name="test_handover_list" time="0.095" /><testcase classname="backend.tests.test_iteration20.TestIter19Regression" name="test_residents_ok" time="0.103" /><testcase classname="backend.tests.test_iteration20.TestIter19Regression" name="test_petty_cash_list" time="0.105" /><testcase classname="backend.tests.test_iteration20.TestIter19Regression" name="test_dashboard_stats" time="0.113" /><testcase classname="backend.tests.test_iteration21.TestResidentDocuments" name="test_list_documents_empty_or_list" time="1.198" /><testcase classname="backend.tests.test_iteration21.TestResidentDocuments" name="test_create_document_minimum" time="0.233" /><testcase classname="backend.tests.test_iteration21.TestResidentDocuments" name="test_create_document_full" time="0.103" /><testcase classname="backend.tests.test_iteration21.TestResidentDocuments" name="test_create_document_invalid_category" time="0.119" /><testcase classname="backend.tests.test_iteration21.TestResidentDocuments" name="test_create_document_missing_title" time="0.120" /><testcase classname="backend.tests.test_iteration21.TestResidentDocuments" name="test_create_document_404_unknown_resident" time="0.103" /><testcase classname="backend.tests.test_iteration21.TestResidentDocuments" name="test_all_12_categories_accepted[care_plan]" time="0.108" /><testcase classname="backend.tests.test_iteration21.TestResidentDocuments" name="test_all_12_categories_accepted[placement_plan]" time="0.115" /><testcase classname="backend.tests.test_iteration21.TestResidentDocuments" name="test_all_12_categories_accepted[pathway_plan]" time="0.131" /><testcase classname="backend.tests.test_iteration21.TestResidentDocuments" name="test_all_12_categories_accepted[court_order]" time="0.115" /><testcase classname="backend.tests.test_iteration21.TestResidentDocuments" name="test_all_12_categories_accepted[ehcp]" time="0.119" /><testcase classname="backend.tests.test_iteration21.TestResidentDocuments" name="test_all_12_categories_accepted[assessment]" time="0.132" /><testcase classname="backend.tests.test_iteration21.TestResidentDocuments" name="test_all_12_categories_accepted[consent_form]" time="0.119" /><testcase classname="backend.tests.test_iteration21.TestResidentDocuments" name="test_all_12_categories_accepted[review]" time="0.108" /><testcase classname="backend.tests.test_iteration21.TestResidentDocuments" name="test_all_12_categories_accepted[id_document]" time="0.128" /><testcase classname="backend.tests.test_iteration21.TestResidentDocuments" name="test_all_12_categories_accepted[placement_agreement]" time="0.128" /><testcase classname="backend.tests.test_iteration21.TestResidentDocuments" name="test_all_12_categories_accepted[delegated_authority]" time="0.103" /><testcase classname="backend.tests.test_iteration21.TestResidentDocuments" name="test_all_12_categories_accepted[other]" time="0.101" /><testcase classname="backend.tests.test_iteration21.TestResidentDocuments" name="test_delete_staff_forbidden" time="0.212" /><testcase classname="backend.tests.test_iteration21.TestResidentDocuments" name="test_delete_senior_ok" time="0.305" /><testcase classname="backend.tests.test_iteration21.TestResidentDocuments" name="test_delete_manager_ok" time="0.222" /><testcase classname="backend.tests.test_iteration21.TestIndependenceSkills" name="test_get_returns_all_12_with_defaults" time="0.222" /><testcase classname="backend.tests.test_iteration21.TestIndependenceSkills" name="test_post_upsert_skill" time="15.256" /><testcase classname="backend.tests.test_iteration21.TestIndependenceSkills" name="test_post_upsert_updates_same_record" time="0.328" /><testcase classname="backend.tests.test_iteration21.TestIndependenceSkills" name="test_post_invalid_level_rejected" time="0.238" /><testcase classname="backend.tests.test_iteration21.TestIndependenceSkills" name="test_post_invalid_skill_rejected" time="0.102" /><testcase classname="backend.tests.test_iteration21.TestIndependenceSkills" name="test_post_404_unknown_resident" time="0.098" /><testcase classname="backend.tests.test_iteration21.TestIndependenceSkills" name="test_all_5_levels_accepted[not_started]" time="0.097" /><testcase classname="backend.tests.test_iteration21.TestIndependenceSkills" name="test_all_5_levels_accepted[needs_support]" time="0.109" /><testcase classname="backend.tests.test_iteration21.TestIndependenceSkills" name="test_all_5_levels_accepted[developing]" time="0.115" /><testcase classname="backend.tests.test_iteration21.TestIndependenceSkills" name="test_all_5_levels_accepted[competent]" time="0.118" /><testcase classname="backend.tests.test_iteration21.TestIndependenceSkills" name="test_all_5_levels_accepted[mastered]" time="0.108" /><testcase classname="backend.tests.test_iteration21.TestRegression" name="test_handover_list_manager" time="0.096" /><testcase classname="backend.tests.test_iteration21.TestRegression" name="test_residents_ok_staff" time="0.106" /><testcase classname="backend.tests.test_iteration21.TestRegression" name="test_dashboard_stats" time="0.113" /><testcase classname="backend.tests.test_iteration21.TestRegression" name="test_permissions_endpoint" time="0.108" /><testcase classname="backend.tests.test_iteration21.TestRegression" name="test_hr_preview_staff_forbidden" time="0.108" /><testcase classname="backend.tests.test_iteration21.TestRegression" name="test_trainings_mine_staff" time="0.101" /><testcase classname="backend.tests.test_iteration22.TestServiceTypes" name="test_active_returns_sectors" time="0.445" /><testcase classname="backend.tests.test_iteration22.TestServiceTypes" name="test_full_registry" time="0.151" /><testcase classname="backend.tests.test_iteration22.TestCQCReadiness" name="test_requires_auth" time="0.100" /><testcase classname="backend.tests.test_iteration22.TestCQCReadiness" name="test_payload_shape" time="0.106" /><testcase classname="backend.tests.test_iteration22.TestResidentsFiltering" name="test_children_filter" time="0.115" /><testcase classname="backend.tests.test_iteration22.TestResidentsFiltering" name="test_adult_supported_living_filter" time="0.201" /><testcase classname="backend.tests.test_iteration22.TestResidentsFiltering" name="test_sector_adult_returns_all_adult" time="0.107" /><testcase classname="backend.tests.test_iteration22.TestResidentsFiltering" name="test_no_filter_returns_all" time="0.121" /><testcase classname="backend.tests.test_iteration22.TestRegression" name="test_pocket_money_balances" time="0.137" /><testcase classname="backend.tests.test_iteration22.TestRegression" name="test_petty_cash_summary" time="0.197" /><testcase classname="backend.tests.test_iteration22.TestRegression" name="test_handover_list" time="0.112" /><testcase classname="backend.tests.test_iteration22.TestRegression" name="test_role_gate_reports_staff_blocked" time="0.427" /><testcase classname="backend.tests.test_iteration22.TestRegression" name="test_role_gate_hr_senior_blocked" time="0.617"><skipped type="pytest.skip" message="no clearly-gated HR endpoint found among ['/hr/applicants', '/hr', '/safer-recruitment/applicants']">/app/backend/tests/test_iteration22.py:168: no clearly-gated HR endpoint found among ['/hr/applicants', '/hr', '/safer-recruitment/applicants']</skipped></testcase><testcase classname="backend.tests.test_iteration22.TestRegression" name="test_dashboard_stats_manager" time="0.117" /><testcase classname="backend.tests.test_iteration23.TestUploads" name="test_upload_pdf" time="0.464" /><testcase classname="backend.tests.test_iteration23.TestUploads" name="test_upload_unsupported_mime" time="0.124" /><testcase classname="backend.tests.test_iteration23.TestUploads" name="test_upload_too_large" time="0.711" /><testcase classname="backend.tests.test_iteration23.TestUploads" name="test_get_file_with_bearer" time="0.102" /><testcase classname="backend.tests.test_iteration23.TestUploads" name="test_get_file_with_token_query" time="0.097" /><testcase classname="backend.tests.test_iteration23.TestUploads" name="test_get_file_no_auth" time="0.097" /><testcase classname="backend.tests.test_iteration23.TestUploads" name="test_get_file_unknown" time="0.129" /><testcase classname="backend.tests.test_iteration23.TestUploads" name="test_delete_file_staff_forbidden" time="0.433" /><testcase classname="backend.tests.test_iteration23.TestUploads" name="test_delete_file_senior_ok" time="0.425" /><testcase classname="backend.tests.test_iteration23.TestResidentPhoto" name="test_staff_cannot_upload_photo" time="0.205" /><testcase classname="backend.tests.test_iteration23.TestResidentPhoto" name="test_senior_upload_photo" time="0.317" /><testcase classname="backend.tests.test_iteration23.TestResidentPhoto" name="test_replace_photo_deletes_old" time="0.227" /><testcase classname="backend.tests.test_iteration23.TestResidentPhoto" name="test_delete_photo" time="0.218" /><testcase classname="backend.tests.test_iteration23.TestResidentDocuments" name="test_add_document_with_file" time="0.200" /><testcase classname="backend.tests.test_iteration23.TestResidentDocuments" name="test_new_categories_accepted" time="0.541" /><testcase classname="backend.tests.test_iteration23.TestResidentDocuments" name="test_legacy_categories_still_work" time="0.331" /><testcase classname="backend.tests.test_iteration23.TestResidentDocuments" name="test_staff_cannot_delete_document" time="0.099" /><testcase classname="backend.tests.test_iteration23.TestResidentDocuments" name="test_senior_can_delete_and_cleans_file" time="0.210" /><testcase classname="backend.tests.test_iteration23.TestReturnInterview" name="test_staff_cannot_create" time="0.384" /><testcase classname="backend.tests.test_iteration23.TestReturnInterview" name="test_senior_creates_and_closes_episode" time="0.208" /><testcase classname="backend.tests.test_iteration23.TestReturnInterview" name="test_get_and_list" time="0.253" /><testcase classname="backend.tests.test_iteration23.TestReturnInterview" name="test_senior_can_patch_before_signoff" time="0.103" /><testcase classname="backend.tests.test_iteration23.TestReturnInterview" name="test_staff_signoff_forbidden" time="0.120" /><testcase classname="backend.tests.test_iteration23.TestReturnInterview" name="test_senior_signoff_forbidden" time="0.105" /><testcase classname="backend.tests.test_iteration23.TestReturnInterview" name="test_manager_signoff" time="0.125" /><testcase classname="backend.tests.test_iteration23.TestReturnInterview" name="test_senior_cannot_edit_after_signoff" time="0.104" /><testcase classname="backend.tests.test_iteration23.TestReturnInterview" name="test_manager_can_edit_after_signoff" time="0.097" /><testcase classname="backend.tests.test_iteration23.TestReturnInterview" name="test_pdf_export" time="0.117" /><testcase classname="backend.tests.test_iteration23.TestReturnInterview" name="test_missing_pdf_embeds_photo" time="0.157" /><testcase classname="backend.tests.test_iteration23.TestInspectionSnapshot" name="test_staff_forbidden" time="0.101" /><testcase classname="backend.tests.test_iteration23.TestInspectionSnapshot" name="test_senior_forbidden" time="0.106" /><testcase classname="backend.tests.test_iteration23.TestInspectionSnapshot" name="test_manager_snapshot_auto" time="0.115" /><testcase classname="backend.tests.test_iteration23.TestInspectionSnapshot" name="test_explicit_ofsted_scope" time="0.166" /><testcase classname="backend.tests.test_iteration23.TestInspectionSnapshot" name="test_explicit_cqc_scope" time="0.113" /><testcase classname="backend.tests.test_iteration23.TestInspectionSnapshot" name="test_pdf_auto" time="0.131" /><testcase classname="backend.tests.test_iteration23.TestInspectionSnapshot" name="test_pdf_ofsted" time="0.152" /><testcase classname="backend.tests.test_iteration23.TestInspectionSnapshot" name="test_pdf_cqc" time="0.149" /><testcase classname="backend.tests.test_iteration23.TestInspectionSnapshot" name="test_pdf_staff_forbidden" time="0.100" /><testcase classname="backend.tests.test_iteration23.TestRegression" name="test_pocket_money" time="0.128" /><testcase classname="backend.tests.test_iteration23.TestRegression" name="test_handovers" time="0.110" /><testcase classname="backend.tests.test_iteration23.TestRegression" name="test_dashboard_stats" time="0.140" /><testcase classname="backend.tests.test_iteration23.TestRegression" name="test_cqc_readiness_still_works" time="0.106" /><testcase classname="backend.tests.test_iteration23.TestRegression" name="test_service_types_active" time="0.110" /><testcase classname="backend.tests.test_iteration24.TestUsersPicker" name="test_picker_works_for_staff" time="1.428" /><testcase classname="backend.tests.test_iteration24.TestResidentInlineEdit" name="test_senior_can_patch_resident_and_writes_audit" time="0.586" /><testcase classname="backend.tests.test_iteration24.TestResidentInlineEdit" name="test_resident_patch_audit_excludes_updated_at" time="0.534" /><testcase classname="backend.tests.test_iteration24.TestResidentInlineEdit" name="test_staff_cannot_patch_resident" time="0.104" /><testcase classname="backend.tests.test_iteration24.TestAuditEndpoints" name="test_audit_list_senior_ok" time="0.112" /><testcase classname="backend.tests.test_iteration24.TestAuditEndpoints" name="test_audit_list_staff_403" time="0.105" /><testcase classname="backend.tests.test_iteration24.TestAuditEndpoints" name="test_audit_filter_resident" time="0.105" /><testcase classname="backend.tests.test_iteration24.TestAuditEndpoints" name="test_audit_filter_object_type_and_action" time="0.095" /><testcase classname="backend.tests.test_iteration24.TestAuditEndpoints" name="test_audit_search_q" time="0.104" /><testcase classname="backend.tests.test_iteration24.TestAuditEndpoints" name="test_audit_filter_actor_id" time="0.202" /><testcase classname="backend.tests.test_iteration24.TestAuditEndpoints" name="test_audit_facets" time="0.102" /><testcase classname="backend.tests.test_iteration24.TestAuditEndpoints" name="test_audit_facets_staff_403" time="0.102" /><testcase classname="backend.tests.test_iteration24.TestAuditEndpoints" name="test_resident_audit_endpoint" time="0.142" /><testcase classname="backend.tests.test_iteration24.TestAuditEndpoints" name="test_resident_audit_staff_403" time="0.103" /><testcase classname="backend.tests.test_iteration24.TestIncidentWitnesses" name="test_get_incident_returns_witnesses" time="0.311" /><testcase classname="backend.tests.test_iteration24.TestIncidentWitnesses" name="test_patch_incident_senior_can_update_witnesses" time="0.124" /><testcase classname="backend.tests.test_iteration24.TestIncidentWitnesses" name="test_patch_incident_staff_403" time="0.122" /><testcase classname="backend.tests.test_iteration24.TestIncidentWitnesses" name="test_patch_incident_writes_audit" time="0.403" /><testcase classname="backend.tests.test_iteration24.TestIncidentWitnesses" name="test_incident_pdf_includes_witnesses_section" time="0.178" /><testcase classname="backend.tests.test_iteration24.TestIncidentWitnesses" name="test_incident_pdf_no_witness_section_when_empty" time="7.414" /><testcase classname="backend.tests.test_iteration24.TestIncidentWitnesses" name="test_status_patch_writes_audit" time="0.550" /><testcase classname="backend.tests.test_iteration24.TestPhotoDocumentAudit" name="test_photo_upload_audit" time="0.524" /><testcase classname="backend.tests.test_iteration24.TestPhotoDocumentAudit" name="test_photo_delete_audit" time="0.629" /><testcase classname="backend.tests.test_iteration24.TestPhotoDocumentAudit" name="test_document_upload_and_delete_audit" time="1.149" /><testcase classname="backend.tests.test_iteration24.TestMissingAndReturnInterviewAudit" name="test_missing_patch_writes_audit" time="8.879" /><testcase classname="backend.tests.test_iteration24.TestRegressionSmoke" name="test_inspection_snapshot_visible_to_manager" time="0.116" /><testcase classname="backend.tests.test_iteration24.TestRegressionSmoke" name="test_residents_list_ok" time="0.101" /><testcase classname="backend.tests.test_iteration24.TestRegressionSmoke" name="test_incidents_list_ok" time="0.100" /><testcase classname="backend.tests.test_iteration25.TestFrameworks" name="test_list_frameworks" time="1.433" /><testcase classname="backend.tests.test_iteration25.TestFrameworks" name="test_get_framework_by_id" time="0.107" /><testcase classname="backend.tests.test_iteration25.TestFrameworks" name="test_get_framework_404" time="0.098" /><testcase classname="backend.tests.test_iteration25.TestResourcePacks" name="test_list_resource_packs" time="0.100" /><testcase classname="backend.tests.test_iteration25.TestResourcePacks" name="test_filter_resource_packs_by_theme" time="0.120" /><testcase classname="backend.tests.test_iteration25.TestResourcePacks" name="test_get_resource_pack_detail" time="0.111" /><testcase classname="backend.tests.test_iteration25.TestResourcePacks" name="test_get_resource_pack_404" time="0.127" /><testcase classname="backend.tests.test_iteration25.TestTopicsAndPrompts" name="test_list_topics" time="0.109" /><testcase classname="backend.tests.test_iteration25.TestTopicsAndPrompts" name="test_list_guided_prompts" time="0.120" /><testcase classname="backend.tests.test_iteration25.TestTopicsAndPrompts" name="test_filter_prompts_by_context" time="0.123" /><testcase classname="backend.tests.test_iteration25.TestTopicsAndPrompts" name="test_filter_prompts_by_theme" time="0.118" /><testcase classname="backend.tests.test_iteration25.TestKeyWorkSessions" name="test_staff_cannot_create" time="0.115" /><testcase classname="backend.tests.test_iteration25.TestKeyWorkSessions" name="test_senior_can_create" time="0.098" /><testcase classname="backend.tests.test_iteration25.TestKeyWorkSessions" name="test_mood_validation_too_high" time="0.101" /><testcase classname="backend.tests.test_iteration25.TestKeyWorkSessions" name="test_mood_validation_too_low" time="0.111" /><testcase classname="backend.tests.test_iteration25.TestKeyWorkSessions" name="test_mood_null_allowed" time="0.102" /><testcase classname="backend.tests.test_iteration25.TestKeyWorkSessions" name="test_get_session_by_id" time="0.114" /><testcase classname="backend.tests.test_iteration25.TestKeyWorkSessions" name="test_get_session_404" time="0.103" /><testcase classname="backend.tests.test_iteration25.TestKeyWorkSessions" name="test_list_sessions_filtered" time="0.108" /><testcase classname="backend.tests.test_iteration25.TestKeyWorkSessions" name="test_patch_session" time="0.111" /><testcase classname="backend.tests.test_iteration25.TestKeyWorkSessions" name="test_staff_cannot_patch" time="0.102" /><testcase classname="backend.tests.test_iteration25.TestSignOff" name="test_senior_cannot_sign_off" time="0.560" /><testcase classname="backend.tests.test_iteration25.TestSignOff" name="test_manager_signs_off" time="0.190" /><testcase classname="backend.tests.test_iteration25.TestSignOff" name="test_senior_cannot_edit_signed_off" time="0.123" /><testcase classname="backend.tests.test_iteration25.TestSignOff" name="test_manager_can_edit_signed_off" time="0.109" /><testcase classname="backend.tests.test_iteration25.TestPDF" name="test_session_pdf" time="0.122" /><testcase classname="backend.tests.test_iteration25.TestPDF" name="test_pdf_requires_auth" time="0.107" /><testcase classname="backend.tests.test_iteration25.TestRecommendations" name="test_staff_blocked_global" time="0.122" /><testcase classname="backend.tests.test_iteration25.TestRecommendations" name="test_senior_global_recs" time="0.140" /><testcase classname="backend.tests.test_iteration25.TestRecommendations" name="test_resident_recs_staff_blocked" time="0.100" /><testcase classname="backend.tests.test_iteration25.TestRecommendations" name="test_maddy_recs_includes_missing_and_overdue" time="0.154" /><testcase classname="backend.tests.test_iteration25.TestRecommendations" name="test_aisha_recs_includes_trauma" time="0.237" /><testcase classname="backend.tests.test_iteration25.TestRecommendations" name="test_rec_engine_reflects_risk_change" time="0.801" /><testcase classname="backend.tests.test_iteration25.TestAuditRegression" name="test_audit_facets_includes_key_work" time="0.114" /><testcase classname="backend.tests.test_iteration25.TestAuditRegression" name="test_audit_log_has_key_work_events" time="0.107" /><testcase classname="backend.tests.test_iteration26" name="test_check_types_seeded" time="0.423" /><testcase classname="backend.tests.test_iteration26" name="test_dashboard_endpoint" time="0.448" /><testcase classname="backend.tests.test_iteration26" name="test_create_log_status_pass" time="0.465" /><testcase classname="backend.tests.test_iteration26" name="test_create_log_status_fail" time="0.452" /><testcase classname="backend.tests.test_iteration26" name="test_create_log_status_action_needed_warn" time="0.450" /><testcase classname="backend.tests.test_iteration26" name="test_create_log_required_field_validation" time="0.456" /><testcase classname="backend.tests.test_iteration26" name="test_create_log_unknown_check_type" time="36.451" /><testcase classname="backend.tests.test_iteration26" name="test_checkbox_rule_all_required" time="0.665" /><testcase classname="backend.tests.test_iteration26" name="test_list_logs_filter_by_check_type" time="10.484" /><testcase classname="backend.tests.test_iteration26" name="test_signoff_and_delete_rbac" time="1.231" /><testcase classname="backend.tests.test_iteration26" name="test_maintenance_full_lifecycle" time="1.199" /><testcase classname="backend.tests.test_iteration26" name="test_maintenance_filter_by_status" time="0.442" /><testcase classname="backend.tests.test_iteration26" name="test_snapshot_pdf_rbac_and_content" time="1.658" /><testcase classname="backend.tests.test_iteration26" name="test_audit_event_recorded_on_log_create" time="1.007" /><testcase classname="backend.tests.test_iteration26" name="test_dashboard_reflects_last_log" time="0.543" /><testcase classname="backend.tests.test_iteration27" name="test_system_info_manager_ok" time="0.437" /><testcase classname="backend.tests.test_iteration27" name="test_system_info_staff_forbidden" time="0.433" /><testcase classname="backend.tests.test_iteration27" name="test_system_info_senior_forbidden" time="0.440" /><testcase classname="backend.tests.test_iteration27" name="test_create_user_manager_ok_then_admin_can_delete" time="1.939" /><testcase classname="backend.tests.test_iteration27" name="test_admin_cannot_delete_self" time="0.536" /><testcase classname="backend.tests.test_iteration27" name="test_create_user_validation" time="0.565" /><testcase classname="backend.tests.test_iteration27" name="test_admin_user_create_audit" time="1.617" /><testcase classname="backend.tests.test_iteration27" name="test_legacy_routes_alive" time="0.981" /></testsuite></testsuites>