<?xml version="1.0" encoding="utf-8"?><testsuites name="pytest tests"><testsuite name="pytest" errors="0" failures="0" skipped="0" tests="35" time="6.827" timestamp="2026-05-09T17:29:00.523241+00:00" hostname="agent-env-84059a5d-14ce-47b5-99f5-fae2c1ff53de"><testcase classname="backend.tests.test_iteration25.TestFrameworks" name="test_list_frameworks" time="1.644" /><testcase classname="backend.tests.test_iteration25.TestFrameworks" name="test_get_framework_by_id" time="0.116" /><testcase classname="backend.tests.test_iteration25.TestFrameworks" name="test_get_framework_404" time="0.107" /><testcase classname="backend.tests.test_iteration25.TestResourcePacks" name="test_list_resource_packs" time="0.100" /><testcase classname="backend.tests.test_iteration25.TestResourcePacks" name="test_filter_resource_packs_by_theme" time="0.117" /><testcase classname="backend.tests.test_iteration25.TestResourcePacks" name="test_get_resource_pack_detail" time="0.113" /><testcase classname="backend.tests.test_iteration25.TestResourcePacks" name="test_get_resource_pack_404" time="0.121" /><testcase classname="backend.tests.test_iteration25.TestTopicsAndPrompts" name="test_list_topics" time="0.115" /><testcase classname="backend.tests.test_iteration25.TestTopicsAndPrompts" name="test_list_guided_prompts" time="0.175" /><testcase classname="backend.tests.test_iteration25.TestTopicsAndPrompts" name="test_filter_prompts_by_context" time="0.113" /><testcase classname="backend.tests.test_iteration25.TestTopicsAndPrompts" name="test_filter_prompts_by_theme" time="0.117" /><testcase classname="backend.tests.test_iteration25.TestKeyWorkSessions" name="test_staff_cannot_create" time="0.108" /><testcase classname="backend.tests.test_iteration25.TestKeyWorkSessions" name="test_senior_can_create" time="0.114" /><testcase classname="backend.tests.test_iteration25.TestKeyWorkSessions" name="test_mood_validation_too_high" time="0.104" /><testcase classname="backend.tests.test_iteration25.TestKeyWorkSessions" name="test_mood_validation_too_low" time="0.115" /><testcase classname="backend.tests.test_iteration25.TestKeyWorkSessions" name="test_mood_null_allowed" time="0.107" /><testcase classname="backend.tests.test_iteration25.TestKeyWorkSessions" name="test_get_session_by_id" time="0.147" /><testcase classname="backend.tests.test_iteration25.TestKeyWorkSessions" name="test_get_session_404" time="0.104" /><testcase classname="backend.tests.test_iteration25.TestKeyWorkSessions" name="test_list_sessions_filtered" time="0.104" /><testcase classname="backend.tests.test_iteration25.TestKeyWorkSessions" name="test_patch_session" time="0.112" /><testcase classname="backend.tests.test_iteration25.TestKeyWorkSessions" name="test_staff_cannot_patch" time="0.108" /><testcase classname="backend.tests.test_iteration25.TestSignOff" name="test_senior_cannot_sign_off" time="0.541" /><testcase classname="backend.tests.test_iteration25.TestSignOff" name="test_manager_signs_off" time="0.115" /><testcase classname="backend.tests.test_iteration25.TestSignOff" name="test_senior_cannot_edit_signed_off" time="0.101" /><testcase classname="backend.tests.test_iteration25.TestSignOff" name="test_manager_can_edit_signed_off" time="0.105" /><testcase classname="backend.tests.test_iteration25.TestPDF" name="test_session_pdf" time="0.196" /><testcase classname="backend.tests.test_iteration25.TestPDF" name="test_pdf_requires_auth" time="0.127" /><testcase classname="backend.tests.test_iteration25.TestRecommendations" name="test_staff_blocked_global" time="0.113" /><testcase classname="backend.tests.test_iteration25.TestRecommendations" name="test_senior_global_recs" time="0.117" /><testcase classname="backend.tests.test_iteration25.TestRecommendations" name="test_resident_recs_staff_blocked" time="0.098" /><testcase classname="backend.tests.test_iteration25.TestRecommendations" name="test_maddy_recs_includes_missing_and_overdue" time="0.101" /><testcase classname="backend.tests.test_iteration25.TestRecommendations" name="test_aisha_recs_includes_trauma" time="0.224" /><testcase classname="backend.tests.test_iteration25.TestRecommendations" name="test_rec_engine_reflects_risk_change" time="0.698" /><testcase classname="backend.tests.test_iteration25.TestAuditRegression" name="test_audit_facets_includes_key_work" time="0.105" /><testcase classname="backend.tests.test_iteration25.TestAuditRegression" name="test_audit_log_has_key_work_events" time="0.130" /></testsuite></testsuites>