<?xml version="1.0" encoding="utf-8"?><testsuites name="pytest tests"><testsuite name="pytest" errors="0" failures="0" skipped="0" tests="13" time="10.843" timestamp="2026-05-04T14:31:03.584610+00:00" hostname="agent-env-84059a5d-14ce-47b5-99f5-fae2c1ff53de"><testcase classname="backend.tests.test_iteration9.TestLifespanAndSeed" name="test_root_ok" time="0.336" /><testcase classname="backend.tests.test_iteration9.TestLifespanAndSeed" name="test_demo_residents_seeded" time="0.472" /><testcase classname="backend.tests.test_iteration9.TestLifespanAndSeed" name="test_demo_incidents_seeded" time="2.074" /><testcase classname="backend.tests.test_iteration9.TestSupervisions" name="test_list_supervisions_200" time="0.349" /><testcase classname="backend.tests.test_iteration9.TestSupervisions" name="test_list_supervisions_staff_allowed" time="0.500" /><testcase classname="backend.tests.test_iteration9.TestSupervisions" name="test_create_supervision_manager_ok" time="0.371" /><testcase classname="backend.tests.test_iteration9.TestSupervisions" name="test_create_supervision_staff_forbidden" time="0.160" /><testcase classname="backend.tests.test_iteration9.TestSupervisions" name="test_delete_supervision_staff_forbidden" time="0.117" /><testcase classname="backend.tests.test_iteration9.TestSupervisions" name="test_delete_supervision_manager_ok" time="1.167" /><testcase classname="backend.tests.test_iteration9.TestLoginLockout" name="test_lockout_after_5_fails_then_clears_on_success" time="4.713" /><testcase classname="backend.tests.test_iteration9.TestNotificationsDelivery" name="test_post_notification_includes_delivery_mocked" time="0.214" /><testcase classname="backend.tests.test_iteration9.TestSanitisedErrors" name="test_structure_handler_returns_safe_message_or_skips" time="0.132" /><testcase classname="backend.tests.test_iteration9.TestDashboardCompliance" name="test_dashboard_has_supervisions_due_and_appraisals_overdue" time="0.150" /></testsuite></testsuites>