<?xml version="1.0" encoding="utf-8"?><testsuites name="pytest tests"><testsuite name="pytest" errors="0" failures="0" skipped="0" tests="67" time="32.815" timestamp="2026-05-29T21:19:24.897342+00:00" hostname="agent-env-84059a5d-14ce-47b5-99f5-fae2c1ff53de"><testcase classname="tests.test_iteration46_handover" name="test_digest_manager_plus_only" time="2.608" /><testcase classname="tests.test_iteration46_handover" name="test_pdf_manager_plus_only" time="0.623" /><testcase classname="tests.test_iteration46_handover" name="test_periods_supported" time="1.413" /><testcase classname="tests.test_iteration46_handover" name="test_bad_period_rejected" time="0.248" /><testcase classname="tests.test_iteration46_handover" name="test_digest_has_all_sections" time="0.441" /><testcase classname="tests.test_iteration46_handover" name="test_safeguarding_shape" time="0.515" /><testcase classname="tests.test_iteration46_handover" name="test_missing_shape" time="0.463" /><testcase classname="tests.test_iteration46_handover" name="test_incidents_shape" time="0.472" /><testcase classname="tests.test_iteration46_handover" name="test_placement_shape" time="0.469" /><testcase classname="tests.test_iteration46_handover" name="test_staffing_shape" time="0.449" /><testcase classname="tests.test_iteration46_handover" name="test_compliance_shape" time="0.444" /><testcase classname="tests.test_iteration46_handover" name="test_spotlight_shape" time="0.409" /><testcase classname="tests.test_iteration46_handover" name="test_manager_actions_shape" time="0.457" /><testcase classname="tests.test_iteration46_handover" name="test_home_intelligence_shape" time="0.507" /><testcase classname="tests.test_iteration46_handover" name="test_digest_deterministic" time="0.982" /><testcase classname="tests.test_iteration46_handover" name="test_period_durations" time="1.384" /><testcase classname="tests.test_iteration46_handover" name="test_generated_by_reflects_user" time="0.854" /><testcase classname="tests.test_iteration46_handover" name="test_digest_requires_auth" time="0.222" /><testcase classname="tests.test_iteration43_hr" name="test_hr_dashboard_manager_plus_only" time="1.840" /><testcase classname="tests.test_iteration43_hr" name="test_hr_folders_manager_plus_only" time="0.212" /><testcase classname="tests.test_iteration43_hr" name="test_hr_staff_view_manager_plus_only" time="0.406" /><testcase classname="tests.test_iteration43_hr" name="test_folders_registry_shape" time="0.112" /><testcase classname="tests.test_iteration43_hr" name="test_folders_agency_visibility" time="0.263" /><testcase classname="tests.test_iteration43_hr" name="test_dashboard_shape" time="0.126" /><testcase classname="tests.test_iteration43_hr" name="test_dashboard_rows_have_rag" time="0.127" /><testcase classname="tests.test_iteration43_hr" name="test_dashboard_sorted_red_first" time="0.128" /><testcase classname="tests.test_iteration43_hr" name="test_staff_view_shape" time="0.119" /><testcase classname="tests.test_iteration43_hr" name="test_staff_view_folder_status_keys" time="0.121" /><testcase classname="tests.test_iteration43_hr" name="test_staff_view_404_unknown" time="0.109" /><testcase classname="tests.test_iteration43_hr" name="test_senior_has_expected_red_folders" time="0.237" /><testcase classname="tests.test_iteration43_hr" name="test_missing_items_shape" time="0.116" /><testcase classname="tests.test_iteration43_hr" name="test_file_upload_patch_delete_and_audit" time="0.587" /><testcase classname="tests.test_iteration43_hr" name="test_file_upload_rejects_bad_folder_id" time="0.134" /><testcase classname="tests.test_iteration43_hr" name="test_file_upload_rejects_non_manager" time="0.109" /><testcase classname="tests.test_iteration43_hr" name="test_profile_patch" time="0.228" /><testcase classname="tests.test_iteration43_hr" name="test_dashboard_deterministic" time="0.259" /><testcase classname="tests.test_iteration43b_scr" name="test_scr_manager_plus_only" time="1.885" /><testcase classname="tests.test_iteration43b_scr" name="test_scr_pdf_manager_plus_only" time="1.283" /><testcase classname="tests.test_iteration43b_scr" name="test_scr_json_shape" time="0.140" /><testcase classname="tests.test_iteration43b_scr" name="test_scr_row_shape" time="0.121" /><testcase classname="tests.test_iteration43b_scr" name="test_scr_dbs_extended_fields" time="0.153" /><testcase classname="tests.test_iteration43b_scr" name="test_scr_non_compliant_only_filter" time="0.278" /><testcase classname="tests.test_iteration43b_scr" name="test_scr_status_filter" time="0.139" /><testcase classname="tests.test_iteration43b_scr" name="test_scr_employment_type_filter" time="0.151" /><testcase classname="tests.test_iteration43b_scr" name="test_scr_deterministic" time="0.288" /><testcase classname="tests.test_iteration43b_scr" name="test_scr_pdf_writes_audit_trail" time="0.152" /><testcase classname="tests.test_iteration43b_scr" name="test_scr_pdf_filters_pass_through" time="0.187" /><testcase classname="tests.test_iteration43b_scr" name="test_scr_pdf_empty_results_still_pdfs" time="0.124" /><testcase classname="tests.test_iteration43b_scr" name="test_scr_rows_sorted_red_first" time="0.122" /><testcase classname="tests.test_iteration43b_scr" name="test_scr_requires_auth" time="0.254" /><testcase classname="tests.test_iteration45_inspector" name="test_create_manager_plus_only" time="2.018" /><testcase classname="tests.test_iteration45_inspector" name="test_list_manager_plus_only" time="0.225" /><testcase classname="tests.test_iteration45_inspector" name="test_revoke_manager_plus_only" time="0.406" /><testcase classname="tests.test_iteration45_inspector" name="test_expiry_only_allowed_values" time="2.645" /><testcase classname="tests.test_iteration45_inspector" name="test_create_response_shape" time="0.177" /><testcase classname="tests.test_iteration45_inspector" name="test_create_share_url_contains_token" time="0.170" /><testcase classname="tests.test_iteration45_inspector" name="test_listing_never_exposes_token" time="0.290" /><testcase classname="tests.test_iteration45_inspector" name="test_public_preview_works_without_auth" time="0.255" /><testcase classname="tests.test_iteration45_inspector" name="test_public_preview_strips_sensitive_fields" time="0.266" /><testcase classname="tests.test_iteration45_inspector" name="test_public_preview_invalid_token_404" time="0.098" /><testcase classname="tests.test_iteration45_inspector" name="test_public_preview_revoked_token_404" time="0.540" /><testcase classname="tests.test_iteration45_inspector" name="test_public_preview_increments_view_count" time="0.641" /><testcase classname="tests.test_iteration45_inspector" name="test_filter_snapshot_applies_to_preview" time="0.415" /><testcase classname="tests.test_iteration45_inspector" name="test_revoke_idempotent" time="0.343" /><testcase classname="tests.test_iteration45_inspector" name="test_revoke_unknown_404" time="0.119" /><testcase classname="tests.test_iteration45_inspector" name="test_preview_endpoint_ignores_auth_headers" time="0.375" /><testcase classname="tests.test_iteration45_inspector" name="test_create_writes_audit" time="0.253" /></testsuite></testsuites>