<?xml version="1.0" encoding="utf-8"?><testsuites name="pytest tests"><testsuite name="pytest" errors="0" failures="0" skipped="0" tests="18" time="5.498" timestamp="2026-05-24T20:20:21.290893+00:00" hostname="agent-env-84059a5d-14ce-47b5-99f5-fae2c1ff53de"><testcase classname="tests.test_iteration43_hr" name="test_hr_dashboard_manager_plus_only" time="2.053" /><testcase classname="tests.test_iteration43_hr" name="test_hr_folders_manager_plus_only" time="0.241" /><testcase classname="tests.test_iteration43_hr" name="test_hr_staff_view_manager_plus_only" time="0.377" /><testcase classname="tests.test_iteration43_hr" name="test_folders_registry_shape" time="0.103" /><testcase classname="tests.test_iteration43_hr" name="test_folders_agency_visibility" time="0.261" /><testcase classname="tests.test_iteration43_hr" name="test_dashboard_shape" time="0.114" /><testcase classname="tests.test_iteration43_hr" name="test_dashboard_rows_have_rag" time="0.119" /><testcase classname="tests.test_iteration43_hr" name="test_dashboard_sorted_red_first" time="0.113" /><testcase classname="tests.test_iteration43_hr" name="test_staff_view_shape" time="0.111" /><testcase classname="tests.test_iteration43_hr" name="test_staff_view_folder_status_keys" time="0.105" /><testcase classname="tests.test_iteration43_hr" name="test_staff_view_404_unknown" time="0.107" /><testcase classname="tests.test_iteration43_hr" name="test_senior_has_expected_red_folders" time="0.224" /><testcase classname="tests.test_iteration43_hr" name="test_missing_items_shape" time="0.121" /><testcase classname="tests.test_iteration43_hr" name="test_file_upload_patch_delete_and_audit" time="0.589" /><testcase classname="tests.test_iteration43_hr" name="test_file_upload_rejects_bad_folder_id" time="0.100" /><testcase classname="tests.test_iteration43_hr" name="test_file_upload_rejects_non_manager" time="0.101" /><testcase classname="tests.test_iteration43_hr" name="test_profile_patch" time="0.263" /><testcase classname="tests.test_iteration43_hr" name="test_dashboard_deterministic" time="0.251" /></testsuite></testsuites>