<?xml version="1.0" encoding="utf-8"?><testsuites name="pytest tests"><testsuite name="pytest" errors="0" failures="0" skipped="0" tests="15" time="18.660" timestamp="2026-05-04T13:49:14.924005+00:00" hostname="agent-env-84059a5d-14ce-47b5-99f5-fae2c1ff53de"><testcase classname="backend.tests.test_iteration7.TestDashboardExpandedStats" name="test_new_fields_present" time="0.496" /><testcase classname="backend.tests.test_iteration7.TestNotifications" name="test_unauth" time="0.683" /><testcase classname="backend.tests.test_iteration7.TestNotifications" name="test_notify_manager_by_staff" time="0.110" /><testcase classname="backend.tests.test_iteration7.TestNotifications" name="test_notify_dsl_by_staff" time="0.105" /><testcase classname="backend.tests.test_iteration7.TestNotifications" name="test_notify_invalid_incident" time="0.103" /><testcase classname="backend.tests.test_iteration7.TestNotifications" name="test_list_manager_sees_manager_notifs" time="0.101" /><testcase classname="backend.tests.test_iteration7.TestNotifications" name="test_list_admin_sees_both" time="0.422" /><testcase classname="backend.tests.test_iteration7.TestNotifications" name="test_list_staff_sees_own" time="0.103" /><testcase classname="backend.tests.test_iteration7.TestNotifications" name="test_unread_only_filter" time="0.099" /><testcase classname="backend.tests.test_iteration7.TestNotifications" name="test_mark_read" time="0.213" /><testcase classname="backend.tests.test_iteration7.TestManagerReportPdf" name="test_unauth" time="14.859" /><testcase classname="backend.tests.test_iteration7.TestManagerReportPdf" name="test_staff_forbidden" time="0.132" /><testcase classname="backend.tests.test_iteration7.TestManagerReportPdf" name="test_missing_returns_404" time="0.140" /><testcase classname="backend.tests.test_iteration7.TestManagerReportPdf" name="test_manager_downloads_pdf" time="0.223" /><testcase classname="backend.tests.test_iteration7.TestIncidentPdfQrAudit" name="test_incident_pdf_has_audit_hash_and_qr_caption" time="0.726" /></testsuite></testsuites>