<?xml version="1.0" encoding="utf-8"?><testsuites name="pytest tests"><testsuite name="pytest" errors="0" failures="0" skipped="0" tests="9" time="5.854" timestamp="2026-05-29T21:58:09.092486+00:00" hostname="agent-env-84059a5d-14ce-47b5-99f5-fae2c1ff53de"><testcase classname="tests.test_iteration47b_notif_extra" name="test_missing_episode_creates_critical_notification" time="0.750" /><testcase classname="tests.test_iteration47b_notif_extra" name="test_legacy_notifications_get_still_works" time="0.229" /><testcase classname="tests.test_iteration47b_notif_extra" name="test_legacy_notifications_post_still_works" time="0.228" /><testcase classname="tests.test_iteration47b_notif_extra" name="test_legacy_notification_mark_read_still_works" time="0.230" /><testcase classname="tests.test_iteration47b_notif_extra" name="test_audit_notif_preferences_updated" time="0.569" /><testcase classname="tests.test_iteration47b_notif_extra" name="test_audit_notif_manual_created_and_digest_events" time="1.086" /><testcase classname="tests.test_iteration47b_notif_extra" name="test_notif_centre_unread_only_and_limit" time="0.230" /><testcase classname="tests.test_iteration47b_notif_extra" name="test_notif_centre_limit_clamp" time="0.509" /><testcase classname="tests.test_iteration47b_notif_extra" name="test_notif_centre_staff_own_inbox" time="1.954" /></testsuite></testsuites>