<?xml version="1.0" encoding="utf-8"?><testsuites name="pytest tests"><testsuite name="pytest" errors="0" failures="0" skipped="0" tests="40" time="19.449" timestamp="2026-05-31T14:04:57.896114+00:00" hostname="agent-env-84059a5d-14ce-47b5-99f5-fae2c1ff53de"><testcase classname="backend.tests.test_iteration58_workforce_planning" name="test_dashboard_shape_children" time="0.260" /><testcase classname="backend.tests.test_iteration58_workforce_planning" name="test_dashboard_adult_sector" time="0.262" /><testcase classname="backend.tests.test_iteration58_workforce_planning" name="test_dashboard_invalid_sector" time="0.249" /><testcase classname="backend.tests.test_iteration58_workforce_planning" name="test_dashboard_rbac_staff_blocked" time="0.236" /><testcase classname="backend.tests.test_iteration58_workforce_planning" name="test_forecast_decay_logic" time="0.239" /><testcase classname="backend.tests.test_iteration58_workforce_planning" name="test_renewal_waves_have_recommended_action_date" time="0.240" /><testcase classname="backend.tests.test_iteration58_workforce_planning" name="test_manager_actions_sorted_by_priority" time="0.245" /><testcase classname="backend.tests.test_iteration58_workforce_planning" name="test_calendar_window_validation" time="0.238" /><testcase classname="backend.tests.test_iteration58_workforce_planning" name="test_calendar_invalid_dates" time="0.241" /><testcase classname="backend.tests.test_iteration58_workforce_planning" name="test_calendar_reversed_dates" time="0.261" /><testcase classname="backend.tests.test_iteration58_workforce_planning" name="test_calendar_rbac_staff" time="0.244" /><testcase classname="backend.tests.test_iteration58_workforce_planning" name="test_capacity_day_by_day_shape" time="0.244" /><testcase classname="backend.tests.test_iteration58_workforce_planning" name="test_capacity_window_too_large" time="0.277" /><testcase classname="backend.tests.test_iteration58_workforce_planning" name="test_capacity_rbac_staff" time="0.260" /><testcase classname="backend.tests.test_iteration57_compliance_hub" name="test_templates_list" time="0.242" /><testcase classname="backend.tests.test_iteration57_compliance_hub" name="test_template_detail" time="0.261" /><testcase classname="backend.tests.test_iteration57_compliance_hub" name="test_template_recommend_for_staff_role" time="0.472" /><testcase classname="backend.tests.test_iteration57_compliance_hub" name="test_templates_expose_estimated_time" time="0.233" /><testcase classname="backend.tests.test_iteration57_compliance_hub" name="test_manager_template_includes_safer_recruitment_and_supervision" time="0.252" /><testcase classname="backend.tests.test_iteration57_compliance_hub" name="test_assignment_uses_recommended_template" time="0.779" /><testcase classname="backend.tests.test_iteration57_compliance_hub" name="test_assignment_explicit_template_overrides" time="0.760" /><testcase classname="backend.tests.test_iteration57_compliance_hub" name="test_assignment_adult_template_when_adult_sector" time="0.746" /><testcase classname="backend.tests.test_iteration57_compliance_hub" name="test_unified_compliance_dashboard_children" time="0.240" /><testcase classname="backend.tests.test_iteration57_compliance_hub" name="test_unified_compliance_dashboard_adult_shows_cqc" time="0.238" /><testcase classname="backend.tests.test_iteration57_compliance_hub" name="test_unified_compliance_dashboard_rbac" time="0.242" /><testcase classname="backend.tests.test_iteration57_compliance_hub" name="test_unified_compliance_dashboard_invalid_sector" time="0.252" /><testcase classname="backend.tests.test_iteration55_induction" name="test_template_returns_16_sections" time="0.236" /><testcase classname="backend.tests.test_iteration55_induction" name="test_create_assignment_seeds_16_items" time="0.726" /><testcase classname="backend.tests.test_iteration55_induction" name="test_duplicate_active_assignment_rejected" time="0.751" /><testcase classname="backend.tests.test_iteration55_induction" name="test_create_assignment_staff_blocked" time="0.233" /><testcase classname="backend.tests.test_iteration55_induction" name="test_patch_item_progress_and_evidence" time="0.716" /><testcase classname="backend.tests.test_iteration55_induction" name="test_staff_can_update_own_items" time="0.967" /><testcase classname="backend.tests.test_iteration55_induction" name="test_staff_cannot_update_others_induction" time="0.960" /><testcase classname="backend.tests.test_iteration55_induction" name="test_staff_cannot_mark_final_signoff_item" time="0.962" /><testcase classname="backend.tests.test_iteration55_induction" name="test_sign_off_requires_all_complete" time="0.745" /><testcase classname="backend.tests.test_iteration55_induction" name="test_full_sign_off_flow" time="0.845" /><testcase classname="backend.tests.test_iteration55_induction" name="test_sign_off_rbac_senior_blocked" time="1.014" /><testcase classname="backend.tests.test_iteration55_induction" name="test_staff_sees_only_own_assignments" time="1.002" /><testcase classname="backend.tests.test_iteration55_induction" name="test_mine_endpoint_returns_active_assignment" time="0.964" /><testcase classname="backend.tests.test_iteration55_induction" name="test_manager_delete_assignment" time="0.945" /></testsuite></testsuites>