<?xml version="1.0" encoding="utf-8"?><testsuites name="pytest tests"><testsuite name="pytest" errors="0" failures="0" skipped="0" tests="13" time="9.622" timestamp="2026-05-30T14:10:32.395227+00:00" hostname="agent-env-84059a5d-14ce-47b5-99f5-fae2c1ff53de"><testcase classname="backend.tests.test_iteration55_induction" name="test_template_returns_16_sections" time="0.231" /><testcase classname="backend.tests.test_iteration55_induction" name="test_create_assignment_seeds_16_items" time="0.695" /><testcase classname="backend.tests.test_iteration55_induction" name="test_duplicate_active_assignment_rejected" time="0.695" /><testcase classname="backend.tests.test_iteration55_induction" name="test_create_assignment_staff_blocked" time="0.228" /><testcase classname="backend.tests.test_iteration55_induction" name="test_patch_item_progress_and_evidence" time="0.696" /><testcase classname="backend.tests.test_iteration55_induction" name="test_staff_can_update_own_items" time="0.923" /><testcase classname="backend.tests.test_iteration55_induction" name="test_staff_cannot_update_others_induction" time="0.919" /><testcase classname="backend.tests.test_iteration55_induction" name="test_staff_cannot_mark_final_signoff_item" time="0.922" /><testcase classname="backend.tests.test_iteration55_induction" name="test_sign_off_requires_all_complete" time="0.694" /><testcase classname="backend.tests.test_iteration55_induction" name="test_full_sign_off_flow" time="0.761" /><testcase classname="backend.tests.test_iteration55_induction" name="test_sign_off_rbac_senior_blocked" time="0.918" /><testcase classname="backend.tests.test_iteration55_induction" name="test_staff_sees_only_own_assignments" time="0.924" /><testcase classname="backend.tests.test_iteration55_induction" name="test_manager_delete_assignment" time="0.920" /></testsuite></testsuites>