<?xml version="1.0" encoding="utf-8"?><testsuites name="pytest tests"><testsuite name="pytest" errors="0" failures="0" skipped="0" tests="12" time="9.093" timestamp="2026-05-15T21:57:04.233595+00:00" hostname="agent-env-84059a5d-14ce-47b5-99f5-fae2c1ff53de"><testcase classname="backend.tests.test_iteration38" name="test_staffing_overview_open_to_any_auth" time="1.566" /><testcase classname="backend.tests.test_iteration38" name="test_staffing_overview_pressure_shape" time="0.114" /><testcase classname="backend.tests.test_iteration38" name="test_staffing_overview_ratios_compute" time="0.123" /><testcase classname="backend.tests.test_iteration38" name="test_staffing_config_rbac" time="0.913" /><testcase classname="backend.tests.test_iteration38" name="test_clock_in_out_lifecycle" time="0.792" /><testcase classname="backend.tests.test_iteration38" name="test_clock_in_self_only" time="0.430" /><testcase classname="backend.tests.test_iteration38" name="test_sleep_in_disturbance" time="0.644" /><testcase classname="backend.tests.test_iteration38" name="test_leave_request_lifecycle" time="0.669" /><testcase classname="backend.tests.test_iteration38" name="test_leave_list_scoped_to_self_for_staff" time="0.533" /><testcase classname="backend.tests.test_iteration38" name="test_shift_swap_full_lifecycle" time="1.751" /><testcase classname="backend.tests.test_iteration38" name="test_swap_cannot_be_created_on_started_shift" time="0.822" /><testcase classname="backend.tests.test_iteration38" name="test_staffing_mine" time="0.668" /></testsuite></testsuites>