<?xml version="1.0" encoding="utf-8"?><testsuites name="pytest tests"><testsuite name="pytest" errors="0" failures="0" skipped="0" tests="28" time="10.090" timestamp="2026-05-09T16:45:02.802347+00:00" hostname="agent-env-84059a5d-14ce-47b5-99f5-fae2c1ff53de"><testcase classname="backend.tests.test_iteration24.TestUsersPicker" name="test_picker_works_for_staff" time="1.481" /><testcase classname="backend.tests.test_iteration24.TestResidentInlineEdit" name="test_senior_can_patch_resident_and_writes_audit" time="0.524" /><testcase classname="backend.tests.test_iteration24.TestResidentInlineEdit" name="test_resident_patch_audit_excludes_updated_at" time="0.510" /><testcase classname="backend.tests.test_iteration24.TestResidentInlineEdit" name="test_staff_cannot_patch_resident" time="0.121" /><testcase classname="backend.tests.test_iteration24.TestAuditEndpoints" name="test_audit_list_senior_ok" time="0.094" /><testcase classname="backend.tests.test_iteration24.TestAuditEndpoints" name="test_audit_list_staff_403" time="0.102" /><testcase classname="backend.tests.test_iteration24.TestAuditEndpoints" name="test_audit_filter_resident" time="0.109" /><testcase classname="backend.tests.test_iteration24.TestAuditEndpoints" name="test_audit_filter_object_type_and_action" time="0.108" /><testcase classname="backend.tests.test_iteration24.TestAuditEndpoints" name="test_audit_search_q" time="0.099" /><testcase classname="backend.tests.test_iteration24.TestAuditEndpoints" name="test_audit_filter_actor_id" time="0.208" /><testcase classname="backend.tests.test_iteration24.TestAuditEndpoints" name="test_audit_facets" time="0.109" /><testcase classname="backend.tests.test_iteration24.TestAuditEndpoints" name="test_audit_facets_staff_403" time="0.097" /><testcase classname="backend.tests.test_iteration24.TestAuditEndpoints" name="test_resident_audit_endpoint" time="0.112" /><testcase classname="backend.tests.test_iteration24.TestAuditEndpoints" name="test_resident_audit_staff_403" time="0.104" /><testcase classname="backend.tests.test_iteration24.TestIncidentWitnesses" name="test_get_incident_returns_witnesses" time="0.345" /><testcase classname="backend.tests.test_iteration24.TestIncidentWitnesses" name="test_patch_incident_senior_can_update_witnesses" time="0.099" /><testcase classname="backend.tests.test_iteration24.TestIncidentWitnesses" name="test_patch_incident_staff_403" time="0.105" /><testcase classname="backend.tests.test_iteration24.TestIncidentWitnesses" name="test_patch_incident_writes_audit" time="0.405" /><testcase classname="backend.tests.test_iteration24.TestIncidentWitnesses" name="test_incident_pdf_includes_witnesses_section" time="0.199" /><testcase classname="backend.tests.test_iteration24.TestIncidentWitnesses" name="test_incident_pdf_no_witness_section_when_empty" time="0.236" /><testcase classname="backend.tests.test_iteration24.TestIncidentWitnesses" name="test_status_patch_writes_audit" time="0.504" /><testcase classname="backend.tests.test_iteration24.TestPhotoDocumentAudit" name="test_photo_upload_audit" time="0.518" /><testcase classname="backend.tests.test_iteration24.TestPhotoDocumentAudit" name="test_photo_delete_audit" time="0.636" /><testcase classname="backend.tests.test_iteration24.TestPhotoDocumentAudit" name="test_document_upload_and_delete_audit" time="1.145" /><testcase classname="backend.tests.test_iteration24.TestMissingAndReturnInterviewAudit" name="test_missing_patch_writes_audit" time="1.647" /><testcase classname="backend.tests.test_iteration24.TestRegressionSmoke" name="test_inspection_snapshot_visible_to_manager" time="0.126" /><testcase classname="backend.tests.test_iteration24.TestRegressionSmoke" name="test_residents_list_ok" time="0.103" /><testcase classname="backend.tests.test_iteration24.TestRegressionSmoke" name="test_incidents_list_ok" time="0.118" /></testsuite></testsuites>