<?xml version="1.0" encoding="utf-8"?><testsuites name="pytest tests"><testsuite name="pytest" errors="0" failures="0" skipped="0" tests="32" time="9.045" timestamp="2026-05-24T20:43:39.837653+00:00" hostname="agent-env-84059a5d-14ce-47b5-99f5-fae2c1ff53de"><testcase classname="tests.test_iteration43b_scr" name="test_scr_manager_plus_only" time="1.885" /><testcase classname="tests.test_iteration43b_scr" name="test_scr_pdf_manager_plus_only" time="0.266" /><testcase classname="tests.test_iteration43b_scr" name="test_scr_json_shape" time="0.123" /><testcase classname="tests.test_iteration43b_scr" name="test_scr_row_shape" time="0.144" /><testcase classname="tests.test_iteration43b_scr" name="test_scr_dbs_extended_fields" time="0.134" /><testcase classname="tests.test_iteration43b_scr" name="test_scr_non_compliant_only_filter" time="0.242" /><testcase classname="tests.test_iteration43b_scr" name="test_scr_status_filter" time="0.141" /><testcase classname="tests.test_iteration43b_scr" name="test_scr_employment_type_filter" time="0.122" /><testcase classname="tests.test_iteration43b_scr" name="test_scr_deterministic" time="0.244" /><testcase classname="tests.test_iteration43b_scr" name="test_scr_pdf_writes_audit_trail" time="0.136" /><testcase classname="tests.test_iteration43b_scr" name="test_scr_pdf_filters_pass_through" time="0.155" /><testcase classname="tests.test_iteration43b_scr" name="test_scr_pdf_empty_results_still_pdfs" time="0.118" /><testcase classname="tests.test_iteration43b_scr" name="test_scr_rows_sorted_red_first" time="0.144" /><testcase classname="tests.test_iteration43b_scr" name="test_scr_requires_auth" time="0.202" /><testcase classname="tests.test_iteration43_hr" name="test_hr_dashboard_manager_plus_only" time="1.808" /><testcase classname="tests.test_iteration43_hr" name="test_hr_folders_manager_plus_only" time="0.202" /><testcase classname="tests.test_iteration43_hr" name="test_hr_staff_view_manager_plus_only" time="0.331" /><testcase classname="tests.test_iteration43_hr" name="test_folders_registry_shape" time="0.107" /><testcase classname="tests.test_iteration43_hr" name="test_folders_agency_visibility" time="0.228" /><testcase classname="tests.test_iteration43_hr" name="test_dashboard_shape" time="0.118" /><testcase classname="tests.test_iteration43_hr" name="test_dashboard_rows_have_rag" time="0.123" /><testcase classname="tests.test_iteration43_hr" name="test_dashboard_sorted_red_first" time="0.118" /><testcase classname="tests.test_iteration43_hr" name="test_staff_view_shape" time="0.102" /><testcase classname="tests.test_iteration43_hr" name="test_staff_view_folder_status_keys" time="0.110" /><testcase classname="tests.test_iteration43_hr" name="test_staff_view_404_unknown" time="0.111" /><testcase classname="tests.test_iteration43_hr" name="test_senior_has_expected_red_folders" time="0.218" /><testcase classname="tests.test_iteration43_hr" name="test_missing_items_shape" time="0.111" /><testcase classname="tests.test_iteration43_hr" name="test_file_upload_patch_delete_and_audit" time="0.549" /><testcase classname="tests.test_iteration43_hr" name="test_file_upload_rejects_bad_folder_id" time="0.105" /><testcase classname="tests.test_iteration43_hr" name="test_file_upload_rejects_non_manager" time="0.101" /><testcase classname="tests.test_iteration43_hr" name="test_profile_patch" time="0.220" /><testcase classname="tests.test_iteration43_hr" name="test_dashboard_deterministic" time="0.245" /></testsuite></testsuites>