<?xml version="1.0" encoding="utf-8"?><testsuites name="pytest tests"><testsuite name="pytest" errors="0" failures="0" skipped="0" tests="11" time="0.933" timestamp="2026-05-29T23:25:21.145553+00:00" hostname="agent-env-84059a5d-14ce-47b5-99f5-fae2c1ff53de"><testcase classname="backend.tests.test_iteration49_policies" name="test_categories_seeded" time="0.235" /><testcase classname="backend.tests.test_iteration49_policies" name="test_folders_with_aggregates" time="0.012" /><testcase classname="backend.tests.test_iteration49_policies" name="test_default_induction_packs_seeded" time="0.007" /><testcase classname="backend.tests.test_iteration49_policies" name="test_staff_cannot_create_policy" time="0.229" /><testcase classname="backend.tests.test_iteration49_policies" name="test_full_policy_lifecycle" time="0.045" /><testcase classname="backend.tests.test_iteration49_policies" name="test_assessment_fail_blocks_signature" time="0.034" /><testcase classname="backend.tests.test_iteration49_policies" name="test_dashboard_endpoint" time="0.004" /><testcase classname="backend.tests.test_iteration49_policies" name="test_staff_cannot_view_dashboard" time="0.003" /><testcase classname="backend.tests.test_iteration49_policies" name="test_evidence_pdf" time="0.020" /><testcase classname="backend.tests.test_iteration49_policies" name="test_version_supersedes_previous" time="0.020" /><testcase classname="backend.tests.test_iteration49_policies" name="test_enrollment_creates_assignments_for_matching_categories" time="0.251" /></testsuite></testsuites>