<?xml version="1.0" encoding="utf-8"?><testsuites name="pytest tests"><testsuite name="pytest" errors="0" failures="0" skipped="0" tests="21" time="12.453" timestamp="2026-05-30T12:07:36.424898+00:00" hostname="agent-env-84059a5d-14ce-47b5-99f5-fae2c1ff53de"><testcase classname="backend.tests.test_iteration53_training_centre" name="test_courses_seeded_for_both_sectors" time="0.465" /><testcase classname="backend.tests.test_iteration53_training_centre" name="test_qualifications_catalogue_seeded" time="0.457" /><testcase classname="backend.tests.test_iteration53_training_centre" name="test_courses_sector_filter_isolation" time="0.460" /><testcase classname="backend.tests.test_iteration53_training_centre" name="test_create_record_and_status" time="0.828" /><testcase classname="backend.tests.test_iteration53_training_centre" name="test_record_rbac_staff_cannot_create" time="0.458" /><testcase classname="backend.tests.test_iteration53_training_centre" name="test_record_mine_returns_only_own" time="0.457" /><testcase classname="backend.tests.test_iteration53_training_centre" name="test_matrix_shape_and_compliance" time="0.460" /><testcase classname="backend.tests.test_iteration53_training_centre" name="test_matrix_rbac_staff_blocked" time="0.457" /><testcase classname="backend.tests.test_iteration53_training_centre" name="test_certificate_upload_with_external_url" time="0.685" /><testcase classname="backend.tests.test_iteration53_training_centre" name="test_certificate_upload_file" time="0.687" /><testcase classname="backend.tests.test_iteration53_training_centre" name="test_certificate_staff_upload_pending" time="0.459" /><testcase classname="backend.tests.test_iteration53_training_centre" name="test_certificate_staff_cannot_upload_for_other" time="0.682" /><testcase classname="backend.tests.test_iteration53_training_centre" name="test_qualification_create_and_list" time="0.687" /><testcase classname="backend.tests.test_iteration53_training_centre" name="test_qualification_invalid_code_404" time="0.683" /><testcase classname="backend.tests.test_iteration53_training_centre" name="test_dev_plan_create_objective_and_quarterly_review" time="0.699" /><testcase classname="backend.tests.test_iteration53_training_centre" name="test_dev_plan_duplicate_year_rejected" time="0.688" /><testcase classname="backend.tests.test_iteration53_training_centre" name="test_dev_plan_archive_rollover" time="0.691" /><testcase classname="backend.tests.test_iteration53_training_centre" name="test_supervision_action_creates_objective" time="0.689" /><testcase classname="backend.tests.test_iteration53_training_centre" name="test_dashboard_returns_full_shape" time="0.460" /><testcase classname="backend.tests.test_iteration53_training_centre" name="test_dashboard_rbac_staff_blocked" time="0.457" /><testcase classname="backend.tests.test_iteration53_training_centre" name="test_dashboard_sector_distinct" time="0.775" /></testsuite></testsuites>