<?xml version="1.0" encoding="utf-8"?><testsuites name="pytest tests"><testsuite name="pytest" errors="0" failures="0" skipped="0" tests="12" time="5.540" timestamp="2026-05-29T23:52:14.089791+00:00" hostname="agent-env-84059a5d-14ce-47b5-99f5-fae2c1ff53de"><testcase classname="tests.test_iteration50_sop_governance" name="test_sop_get_returns_existing_or_not" time="0.234" /><testcase classname="tests.test_iteration50_sop_governance" name="test_sop_staff_blocked_everywhere" time="0.240" /><testcase classname="tests.test_iteration50_sop_governance" name="test_sop_first_upload_creates_policy_and_assignments" time="0.471" /><testcase classname="tests.test_iteration50_sop_governance" name="test_sop_subsequent_upload_archives_and_supersedes" time="0.480" /><testcase classname="tests.test_iteration50_sop_governance" name="test_sop_dashboard_returns_full_state" time="0.475" /><testcase classname="tests.test_iteration50_sop_governance" name="test_sop_compliance_buckets_present" time="0.473" /><testcase classname="tests.test_iteration50_sop_governance" name="test_sop_compliance_updates_when_staff_completes" time="0.723" /><testcase classname="tests.test_iteration50_sop_governance" name="test_sop_evidence_pdf" time="0.482" /><testcase classname="tests.test_iteration50_sop_governance" name="test_sop_evidence_pdf_404_when_no_sop" time="0.463" /><testcase classname="tests.test_iteration50_sop_governance" name="test_sop_custom_questions_override_defaults" time="0.469" /><testcase classname="tests.test_iteration50_sop_governance" name="test_sop_audit_events_emitted" time="0.488" /><testcase classname="tests.test_iteration50_sop_governance" name="test_sop_review_rag_red_when_overdue" time="0.470" /></testsuite></testsuites>