<?xml version="1.0" encoding="utf-8"?><testsuites name="pytest tests"><testsuite name="pytest" errors="0" failures="1" skipped="0" tests="17" time="4.878" timestamp="2026-05-06T00:17:48.052750+00:00" hostname="agent-env-84059a5d-14ce-47b5-99f5-fae2c1ff53de"><testcase classname="backend.tests.test_iteration15.TestStaffList" name="test_list_staff_auth_required" time="0.298" /><testcase classname="backend.tests.test_iteration15.TestStaffList" name="test_list_staff_all_roles" time="1.499" /><testcase classname="backend.tests.test_iteration15.TestShifts" name="test_list_shifts" time="0.125" /><testcase classname="backend.tests.test_iteration15.TestShifts" name="test_shifts_date_range_filter" time="0.153" /><testcase classname="backend.tests.test_iteration15.TestShifts" name="test_shifts_now" time="0.139" /><testcase classname="backend.tests.test_iteration15.TestShifts" name="test_staff_cannot_create_shift" time="0.319" /><testcase classname="backend.tests.test_iteration15.TestShifts" name="test_shift_create_and_delete_flow" time="0.589" /><testcase classname="backend.tests.test_iteration15.TestTrainings" name="test_list_trainings" time="0.107" /><testcase classname="backend.tests.test_iteration15.TestTrainings" name="test_trainings_matrix_structure" time="0.099"><failure message="AssertionError: expected at least one expired training from seed&#10;assert 'expired' in ['ok', 'ok', 'missing', 'missing', 'missing', 'ok', ...]">backend/tests/test_iteration15.py:191: in test_trainings_matrix_structure
    assert "expired" in all_statuses, "expected at least one expired training from seed"
E   AssertionError: expected at least one expired training from seed
E   assert 'expired' in ['ok', 'ok', 'missing', 'missing', 'missing', 'ok', ...]</failure></testcase><testcase classname="backend.tests.test_iteration15.TestTrainings" name="test_staff_cannot_create_training" time="0.266" /><testcase classname="backend.tests.test_iteration15.TestTrainings" name="test_training_create_and_delete_flow" time="0.503" /><testcase classname="backend.tests.test_iteration15.TestInspectionBundle" name="test_manager_can_download" time="0.133" /><testcase classname="backend.tests.test_iteration15.TestInspectionBundle" name="test_admin_can_download" time="0.131" /><testcase classname="backend.tests.test_iteration15.TestInspectionBundle" name="test_staff_forbidden" time="0.103" /><testcase classname="backend.tests.test_iteration15.TestRegression" name="test_health_endpoint" time="0.106" /><testcase classname="backend.tests.test_iteration15.TestRegression" name="test_residents_still_work" time="0.102" /><testcase classname="backend.tests.test_iteration15.TestRegression" name="test_ofsted_readiness_json" time="0.126" /></testsuite></testsuites>