<?xml version="1.0" encoding="utf-8"?><testsuites name="pytest tests"><testsuite name="pytest" errors="0" failures="0" skipped="0" tests="13" time="4.388" timestamp="2026-05-16T20:44:24.229351+00:00" hostname="agent-env-84059a5d-14ce-47b5-99f5-fae2c1ff53de"><testcase classname="backend.tests.test_iteration41b" name="test_simulator_rbac_manager_plus_only" time="2.030" /><testcase classname="backend.tests.test_iteration41b" name="test_simulator_does_not_persist" time="0.379" /><testcase classname="backend.tests.test_iteration41b" name="test_extraction_from_text" time="0.141" /><testcase classname="backend.tests.test_iteration41b" name="test_extraction_deterministic" time="0.258" /><testcase classname="backend.tests.test_iteration41b" name="test_extraction_no_text_uses_defaults" time="0.153" /><testcase classname="backend.tests.test_iteration41b" name="test_overrides_take_priority" time="0.132" /><testcase classname="backend.tests.test_iteration41b" name="test_unknown_needs_in_overrides_filtered" time="0.136" /><testcase classname="backend.tests.test_iteration41b" name="test_simulator_output_shape" time="0.142" /><testcase classname="backend.tests.test_iteration41b" name="test_simulator_accepts_txt_upload" time="0.134" /><testcase classname="backend.tests.test_iteration41b" name="test_simulator_rejects_unknown_file_type" time="0.103" /><testcase classname="backend.tests.test_iteration41b" name="test_simulator_rejects_oversized_text" time="0.162" /><testcase classname="backend.tests.test_iteration41b" name="test_simulator_accepts_pdf_upload" time="0.169" /><testcase classname="backend.tests.test_iteration41b" name="test_save_simulation_as_referral" time="0.372" /></testsuite></testsuites>