<?xml version="1.0" encoding="utf-8"?><testsuites name="pytest tests"><testsuite name="pytest" errors="0" failures="0" skipped="0" tests="7" time="2.864" timestamp="2026-05-04T13:30:56.930337+00:00" hostname="agent-env-84059a5d-14ce-47b5-99f5-fae2c1ff53de"><testcase classname="backend.tests.test_pdf_export.TestGetIncidentById" name="test_get_incident_returns_full_dict" time="1.195" /><testcase classname="backend.tests.test_pdf_export.TestGetIncidentById" name="test_get_incident_unauth" time="0.140" /><testcase classname="backend.tests.test_pdf_export.TestGetIncidentById" name="test_get_incident_404" time="0.154" /><testcase classname="backend.tests.test_pdf_export.TestPdfExport" name="test_pdf_unauth" time="0.102" /><testcase classname="backend.tests.test_pdf_export.TestPdfExport" name="test_pdf_404" time="0.111" /><testcase classname="backend.tests.test_pdf_export.TestPdfExport" name="test_pdf_headers_and_content" time="0.266" /><testcase classname="backend.tests.test_pdf_export.TestPdfExport" name="test_pdf_manager_can_download" time="0.763" /></testsuite></testsuites>