<?xml version="1.0" encoding="utf-8"?><testsuites name="pytest tests"><testsuite name="pytest" errors="0" failures="0" skipped="0" tests="19" time="15.493" timestamp="2026-05-04T12:55:07.016777+00:00" hostname="agent-env-84059a5d-14ce-47b5-99f5-fae2c1ff53de"><testcase classname="backend.tests.backend_test.TestAuth" name="test_login_invalid" time="0.305" /><testcase classname="backend.tests.backend_test.TestAuth" name="test_me_admin" time="0.445" /><testcase classname="backend.tests.backend_test.TestAuth" name="test_me_no_token" time="0.097" /><testcase classname="backend.tests.backend_test.TestResidents" name="test_staff_cannot_create" time="0.461" /><testcase classname="backend.tests.backend_test.TestResidents" name="test_manager_create_and_list" time="0.567" /><testcase classname="backend.tests.backend_test.TestNotes" name="test_create_note_staff" time="0.152" /><testcase classname="backend.tests.backend_test.TestNotes" name="test_list_notes_filter" time="0.138" /><testcase classname="backend.tests.backend_test.TestIncidents" name="test_create_incident" time="0.159" /><testcase classname="backend.tests.backend_test.TestIncidents" name="test_safeguarding_filter" time="0.097" /><testcase classname="backend.tests.backend_test.TestIncidents" name="test_staff_cant_review" time="0.107" /><testcase classname="backend.tests.backend_test.TestIncidents" name="test_manager_can_review" time="0.116" /><testcase classname="backend.tests.backend_test.TestDashboard" name="test_stats" time="0.107" /><testcase classname="backend.tests.backend_test.TestDashboard" name="test_high_risk_alerts_counts_safeguarding_open" time="0.613" /><testcase classname="backend.tests.backend_test.TestDashboard" name="test_high_risk_alerts_counts_high_severity_open" time="0.325" /><testcase classname="backend.tests.backend_test.TestReports" name="test_staff_forbidden" time="0.141" /><testcase classname="backend.tests.backend_test.TestReports" name="test_manager_generate" time="10.069" /><testcase classname="backend.tests.backend_test.TestVoice" name="test_transcribe_unauth" time="0.125" /><testcase classname="backend.tests.backend_test.TestVoice" name="test_transcribe_empty" time="0.122" /><testcase classname="backend.tests.backend_test.TestVoice" name="test_transcribe_wav" time="1.255" /></testsuite></testsuites>