<?xml version="1.0" encoding="utf-8"?><testsuites name="pytest tests"><testsuite name="pytest" errors="0" failures="0" skipped="0" tests="12" time="3.810" timestamp="2026-05-16T21:13:07.905463+00:00" hostname="agent-env-84059a5d-14ce-47b5-99f5-fae2c1ff53de"><testcase classname="backend.tests.test_iteration41d" name="test_analytics_rbac_manager_plus" time="1.983" /><testcase classname="backend.tests.test_iteration41d" name="test_analytics_payload_shape" time="0.105" /><testcase classname="backend.tests.test_iteration41d" name="test_analytics_period_clamped" time="0.209" /><testcase classname="backend.tests.test_iteration41d" name="test_analytics_period_switching" time="0.336" /><testcase classname="backend.tests.test_iteration41d" name="test_analytics_never_leaks_narrative" time="0.240" /><testcase classname="backend.tests.test_iteration41d" name="test_analytics_never_leaks_initials_or_ids" time="0.102" /><testcase classname="backend.tests.test_iteration41d" name="test_analytics_aggregates_match_log" time="0.121" /><testcase classname="backend.tests.test_iteration41d" name="test_analytics_conversion_rate_match" time="0.101" /><testcase classname="backend.tests.test_iteration41d" name="test_analytics_records_home_state_on_new_runs" time="0.232" /><testcase classname="backend.tests.test_iteration41d" name="test_analytics_out_of_hours_shape" time="0.105" /><testcase classname="backend.tests.test_iteration41d" name="test_analytics_weekly_pressure_chronological" time="0.109" /><testcase classname="backend.tests.test_iteration41d" name="test_analytics_privacy_notice_present" time="0.103" /></testsuite></testsuites>