<?xml version="1.0" encoding="utf-8"?><testsuites name="pytest tests"><testsuite name="pytest" errors="0" failures="0" skipped="0" tests="28" time="59.024" timestamp="2026-05-04T13:13:23.256743+00:00" hostname="agent-env-84059a5d-14ce-47b5-99f5-fae2c1ff53de"><testcase classname="backend.tests.backend_test.TestAuth" name="test_login_invalid" time="0.258" /><testcase classname="backend.tests.backend_test.TestAuth" name="test_me_admin" time="0.456" /><testcase classname="backend.tests.backend_test.TestAuth" name="test_me_no_token" time="0.109" /><testcase classname="backend.tests.backend_test.TestResidents" name="test_staff_cannot_create" time="0.436" /><testcase classname="backend.tests.backend_test.TestResidents" name="test_manager_create_and_list" time="0.544" /><testcase classname="backend.tests.backend_test.TestNotes" name="test_create_note_staff" time="0.107" /><testcase classname="backend.tests.backend_test.TestNotes" name="test_list_notes_filter" time="0.112" /><testcase classname="backend.tests.backend_test.TestIncidents" name="test_create_incident" time="0.119" /><testcase classname="backend.tests.backend_test.TestIncidents" name="test_safeguarding_filter" time="0.097" /><testcase classname="backend.tests.backend_test.TestIncidents" name="test_staff_cant_review" time="0.130" /><testcase classname="backend.tests.backend_test.TestIncidents" name="test_manager_can_review" time="0.106" /><testcase classname="backend.tests.backend_test.TestDashboard" name="test_stats" time="0.124" /><testcase classname="backend.tests.backend_test.TestDashboard" name="test_high_risk_alerts_counts_safeguarding_open" time="0.556" /><testcase classname="backend.tests.backend_test.TestDashboard" name="test_high_risk_alerts_counts_high_severity_open" time="0.347" /><testcase classname="backend.tests.backend_test.TestIncidentStructure" name="test_structure_unauth" time="0.115" /><testcase classname="backend.tests.backend_test.TestIncidentStructure" name="test_structure_transcript_too_short" time="0.102" /><testcase classname="backend.tests.backend_test.TestIncidentStructure" name="test_structure_ok" time="6.429" /><testcase classname="backend.tests.backend_test.TestIncidentStructure" name="test_incident_new_fields_roundtrip" time="0.244" /><testcase classname="backend.tests.backend_test.TestIncidentStructure" name="test_incident_backward_compat_old_row" time="0.106" /><testcase classname="backend.tests.backend_test.TestReports" name="test_staff_forbidden" time="0.103" /><testcase classname="backend.tests.backend_test.TestReports" name="test_manager_generate" time="13.381" /><testcase classname="backend.tests.backend_test.TestVoice" name="test_transcribe_unauth" time="0.132" /><testcase classname="backend.tests.backend_test.TestVoice" name="test_transcribe_empty" time="0.114" /><testcase classname="backend.tests.backend_test.TestVoice" name="test_transcribe_wav" time="1.216" /><testcase classname="backend.tests.backend_test.TestIteration4TrustAudit" name="test_note_has_server_side_timestamp_and_author" time="0.105" /><testcase classname="backend.tests.backend_test.TestIteration4TrustAudit" name="test_incident_has_server_side_timestamp_and_author" time="0.125" /><testcase classname="backend.tests.backend_test.TestIteration4TrustAudit" name="test_report_records_array_with_audit_trail" time="15.619" /><testcase classname="backend.tests.backend_test.TestIteration4TrustAudit" name="test_report_generated_by_populated" time="17.616" /></testsuite></testsuites>